
                            < M A T L A B (R) >
                  Copyright 1984-2014 The MathWorks, Inc.
                    R2014a (8.3.0.532) 64-bit (glnxa64)
                             February 11, 2014


	This is a Classroom License for instructional use only.
	Research and commercial use is prohibited.
 
To get started, type one of these: helpwin, helpdesk, or demo.
For product information, visit www.mathworks.com.
 
[Warning: Directory already exists.] 
[> In main_imdb_source at 5] 
nodesReader : read /srv/data/projects/apps/RepIndep_CIDR/fullgraph/top2000_imdb_source/movie.txt
nodesReader : read /srv/data/projects/apps/RepIndep_CIDR/fullgraph/top2000_imdb_source/actor.txt
nodesReader : read /srv/data/projects/apps/RepIndep_CIDR/fullgraph/top2000_imdb_source/character.txt
edgesReader : read /srv/data/projects/apps/RepIndep_CIDR/fullgraph/top2000_imdb_source/actor_character.txt
edgesReader : read /srv/data/projects/apps/RepIndep_CIDR/fullgraph/top2000_imdb_source/movie_character.txt
edgesReader : read /srv/data/projects/apps/RepIndep_CIDR/fullgraph/top2000_imdb_source/movie_actor.txt
There are 0 isolated nodes in G.
Data size is |V|=18514 |E|=102186
>>> calculating SimRank <<<
SR iter = 1 : time=102.83
SR iter = 6 : time=344.29
SR iter = 11 : time=649.44
SR iter = 16 : time=938.86
SR iter = 21 : time=1228.83
-- processing "it might get loud (2008)"
-- processing "the art of travel (2008)"
-- processing "a clear view (2005)"
-- processing "store (2006)"
-- processing "fields of freedom (2006)"
-- processing "psycho beach party (2000)"
-- processing "stage beauty (2004)"
-- processing "gladiator (2000)"
-- processing "the sisterhood of the traveling pants 2 (2008)"
-- processing "the affair of the necklace (2001)"
-- processing "the night we called it a day (2003)"
-- processing "adventures in homeschooling (2004)"
-- processing "dinner rush (2000)"
-- processing "heavens fall (2006)"
-- processing "3:16 (2006)"
-- processing "drum (2004)"
-- processing "kiss kiss bang bang (2005)"
-- processing "bug (2006)"
-- processing "the people v. leo frank (2009)"
-- processing "red bird (2005)"
-- processing "lars and the real girl (2007)"
-- processing "guardian of eden (2008)"
-- processing "osmosis jones (2001)"
-- processing "careful what you wish for (2004)"
-- processing "in search of peace (2001)"
-- processing "series 7: the contenders (2001)"
-- processing "ice princess (2005)"
-- processing "the dot man (2008)"
-- processing "transamerica (2005)"
-- processing "hindsight is 20/20... (2004)"
-- processing "poolhall junkies (2002)"
-- processing "the pleasure of being robbed (2008)"
-- processing "strawberry's letter (2001)"
-- processing "sky high (2005)"
-- processing "the flying scissors (2009)"
-- processing "junkyard dog (2009)"
-- processing "stories of lost souls (2005)"
-- processing "finder's fee (2001)"
-- processing "winter's bone (2010)"
-- processing "zombie prom (2006)"
-- processing "not since you (2009)"
-- processing "the sensation of sight (2006)"
-- processing "i love you, man (2009)"
-- processing "modigliani (2004)"
-- processing "outside (2002)"
-- processing "noah's arc (2004)"
-- processing "about a boy (2002)"
-- processing "dogtown and z-boys (2001)"
-- processing "the hunting party (2007)"
-- processing "the cancer (2003)"
simrank: elapsed time = 1400.6543
---------------------------------------------------------------
