
                            < M A T L A B (R) >
                  Copyright 1984-2014 The MathWorks, Inc.
                    R2014a (8.3.0.532) 64-bit (glnxa64)
                             February 11, 2014


	This is a Classroom License for instructional use only.
	Research and commercial use is prohibited.
 
To get started, type one of these: helpwin, helpdesk, or demo.
For product information, visit www.mathworks.com.
 
nodesReader : read /srv/data/projects/apps/RepIndep_CIDR/udb_course/course.txt
nodesReader : read /srv/data/projects/apps/RepIndep_CIDR/udb_course/offer.txt
nodesReader : read /srv/data/projects/apps/RepIndep_CIDR/udb_course/inst.txt
nodesReader : read /srv/data/projects/apps/RepIndep_CIDR/udb_course/subject.txt
edgesReader : read /srv/data/projects/apps/RepIndep_CIDR/udb_course/offer_inst.txt
edgesReader : read /srv/data/projects/apps/RepIndep_CIDR/udb_course/course_offer.txt
edgesReader : read /srv/data/projects/apps/RepIndep_CIDR/udb_course/offer_subject.txt
There are 0 isolated nodes in G.
Data size is |V|=5407 |E|=16720
>> running PathSim
-- processing "OPER MGT"
-- processing "SMALL ENGINE"
-- processing "[M] ADV OP MGT"
-- processing "[M] STAT METH"
-- processing "MOD DANCE II"
-- processing "JAZZ DANC II"
-- processing "MOD DANCE I"
-- processing "JAZZ DANCE I"
-- processing "CROP S TOPIC"
-- processing "BIOL WEEDS"
-- processing "GOLF CRSE MG"
-- processing "WEEDS"
-- processing "FIELD CROP S"
-- processing "PLAN CHG CJ"
-- processing "SEM VOC EDUC"
-- processing "CORRECTIONS"
-- processing "CRM J PROFES"
-- processing "CRM J PROC"
-- processing "POLICE & SOC"
-- processing "CRIME CONTRL"
-- processing "CRIMINAL LAW"
-- processing "ORG ENVIR CJ"
-- processing "AG ED INTERN"
-- processing "COPSY INTERN"
-- processing "RES COPSY"
-- processing "DOC PRAC III"
-- processing "SCH CNS INTR"
-- processing "INTRN AGENCY"
-- processing "SCH COUNS IS"
-- processing "INDIV APP I"
-- processing "ETHICS/PROF"
-- processing "STUDNT ORGAN"
-- processing "CAREER DEV"
-- processing "COUN TH I"
-- processing "HIST PHIL CO"
-- processing "ESTIMATING I"
-- processing "INTRO CONST"
-- processing "[M] VOCATIONL ED"
-- processing "OPER SYST"
-- processing "DATABASE SYS"
-- processing "ARTIF INTELL"
-- processing "PROG LANG TH"
-- processing "TEACH METHOD"
-- processing "OP SYST ARCH"
-- processing "COMPILER DSN"
-- processing "INTRO TO DBS"
-- processing "DSN ANAL ALG"
-- processing "ANIMATN PROG"
-- processing "COMP HUM INT"
-- processing "CPT GRAPHICS"
-- processing "INTRO TO A I"
-- processing "[M] SOFTWARE ENG"
-- processing "[S] CPTS&SOCIETY"
-- processing "SOFTWARE DES"
-- processing "NUMERIC COMP"
-- processing "AUTOMATA"
-- processing "UNIX SY ADMN"
-- processing "TOP SKIL LIT"
-- processing "C PROG LANG"
-- processing "DATA STRUCT"
-- processing "FORTRAN PROG"
-- processing "AG POLICY"
-- processing "CPT LIT&APPS"
-- processing "PC TOOLS"
-- processing "COMPUTER LIT"
-- processing "TOP RES ECON"
-- processing "[H] AF AM CINEMA"
-- processing "[S] BLACK PSYCH"
-- processing "RSCH MTH/STR"
-- processing "CAC STUDIES"
-- processing "MICRO ECO TH"
-- processing "[G] INTRO NA AM"
-- processing "[G] INTRO CH ST"
-- processing "[S] ASIAN AM STD"
-- processing "AP INPRS COM"
-- processing "[M] CRIT PUB"
-- processing "PERSUASION"
-- processing "ADV INTERP"
-- processing "ORGANIZ COMM"
-- processing "[C] ARGUMENTATN"
-- processing "ECONOMEET II"
-- processing "[C] PUBLIC SPKNG"
-- processing "SEMINAR COM"
-- processing "COM THEORY"
-- processing "SEM TRAINING"
-- processing "CRIT PUB ADD"
-- processing "AGBUS INTERN"
-- processing "MEDIA CRITIC"
-- processing "FIRST AMEND"
-- processing "MEDIA ETHICS"
-- processing "NEW COM TECH"
-- processing "LAW MASS COM"
-- processing "QUANT RESRCH"
-- processing "[I] INTRCULT COM"
-- processing "INSTR PRACTI"
-- processing "[M] AG POLICY"
-- processing "ECON COM DEV"
-- processing "MASS COM TH"
-- processing "[M] AD AGBUS MGT"
-- processing "AG EC STAT"
-- processing "LAT LT REP I"
-- processing "SPECIAL TOP"
-- processing "LAT LANG LAB"
-- processing "ELEM GREEK I"
-- processing "BEG LATIN"
-- processing "PHYSICAL SEM"
-- processing "ANALYTIC SEM"
-- processing "INORGAN SEM"
-- processing "INTR RES TOP"
-- processing "AG PRICES"
-- processing "ENV CHEM II"
-- processing "AD TOP ORG"
-- processing "ORG REACT"
-- processing "AD P CHEM I"
-- processing "TOP AN CHEM"
-- processing "ADV ANALY CH"
-- processing "ELECTROCHEM"
-- processing "MASS SPECTR"
-- processing "INTR AG MKTG"
-- processing "[M] ENV CHEM II"
-- processing "SLD STE CHEM"
-- processing "TEACH CHEM"
-- processing "AP SPECTROSC"
-- processing "INST AN LAB"
-- processing "INST ANALYS"
-- processing "FRM/RNCH MGT"
-- processing "ORG CHEM LAB"
-- processing "ENV PHY CHEM"
-- processing "PHYSICAL LAB"
-- processing "INTER BASSN"
-- processing "INTER CLAR"
-- processing "INTER OBOE"
-- processing "INTER FLUTE"
-- processing "INTER BASS"
-- processing "INTER CELLO"
-- processing "PROGRAMMING"
-- processing "INTER VIOLA"
-- processing "INTER VIOLIN"
-- processing "INTER PERC"
-- processing "INTER TUBA"
-- processing "INTER BARIT"
-- processing "INTER TROMB"
-- processing "INTR TRUMPET"
-- processing "INTER HORN"
-- processing "INTER VOICE"
-- processing "INTER PIANO"
-- processing "INTER ORGAN"
-- processing "CLAS PIA II"
-- processing "CLAS PIA I"
-- processing "[G] WORLD MUSIC"
-- processing "[H] SUR MUS LIT"
-- processing "[H] MUS STYLE/CM"
-- processing "FUNDAMNTL I"
-- processing "ARCH DES VII"
-- processing "ELEM VOICE"
-- processing "ELEM PIANO"
-- processing "PRIN MVT DIS"
-- processing "AN HUM MOVMT"
-- processing "[M] MTR SKLL ACQ"
-- processing "DES THEORY V"
-- processing "SP POPLTN PR"
-- processing "PE PRACTICUM"
-- processing "COACH PRACT"
-- processing "BEHAV ASPECT"
-- processing "HUMN ANATOMY"
-- processing "HUM MOTR DEV"
-- processing "SPEC PROB"
-- processing "RESEARCH"
-- processing "ADV LDRSHP"
-- processing "APP LDR MGT"
-- processing "INTRO LDRSHP"
-- processing "ARCH DES V"
-- processing "ADM CONTROL"
-- processing "OVERV ARMY"
-- processing "RESRCH PRPSL"
-- processing "TOPICS MICRO"
-- processing "SR PROJECT"
-- processing "STRUCT LAB I"
-- processing "MICROB PHYS"
-- processing "EPIDEMIOLOGY"
-- processing "IMMUNOLOGY"
-- processing "STRUCTURES I"
-- processing "INTR MIC LAB"
-- processing "INTRO MICRO"
-- processing "SYS HUM BHII"
-- processing "MED IMMUNOL"
-- processing "CLIN MED II"
-- processing "SYS HUM BH I"
-- processing "MOL CELL BIO"
-- processing "CLIN MED I"
-- processing "M CELL PHYS"
-- processing "ANAT TRUNK"
-- processing "HISTOLOGY"
-- processing "MED PRECEPT"
-- processing "NUMER MODEL"
-- processing "DYN PHYS SYS"
-- processing "MAT & CST I"
-- processing "FINITE ELEM"
-- processing "FLUID MECH"
-- processing "ADV MFG PROC"
-- processing "CPT AID DSN"
-- processing "APP AERO"
-- processing "[M] REN BAR ARCH"
-- processing "DSN PROJECT"
-- processing "MECH DESIGN"
-- processing "[M] EXP DESIGN"
-- processing "HEAT TRANS"
-- processing "THERMO SYS"
-- processing "DYN SYST LAB"
-- processing "DES THEORIII"
-- processing "MATERIAL LAB"
-- processing "[M] ENGR DESIGN"
-- processing "ENGR ANALYS"
-- processing "MFG PROCESS"
-- processing "FLUID DYNAM"
-- processing "FUND THERMO"
-- processing "DYNAMICS"
-- processing "ACCT THEORY"
-- processing "ENG GRAPHICS"
-- processing "SEM HIST MAT"
-- processing "SEM NUM TH"
-- processing "SEM TOP GEOM"
-- processing "APP MATH SEM"
-- processing "ALGEBRA SEM"
-- processing "ANALYSIS SEM"
-- processing "STAT TH I"
-- processing "OPTIMIZATION"
-- processing "NUM AN ELLIP"
-- processing "GEN TOPOLOGY"
-- processing "ABSTRACT ALG"
-- processing "COMPLEX ANAL"
-- processing "REAL ANALYS"
-- processing "PROSEMINAR"
-- processing "[H] ARCH HIST I"
-- processing "GRAPH THEORY"
-- processing "NUM ANALYSIS"
-- processing "APP PROBABIL"
-- processing "APPL MATH I"
-- processing "LINEAR ALG"
-- processing "SIM METH"
-- processing "MATH ECON"
-- processing "[M] ANALYSIS I"
-- processing "PRIN OPTIM"
-- processing "DES THEORY I"
-- processing "PROB & STAT"
-- processing "SEC MAT METH"
-- processing "[M] MODERN ALG"
-- processing "DIFF EQUATS"
-- processing "CALCULUS III"
-- processing "[N] ELEM TCH II"
-- processing "ELEM TCH I"
-- processing "INT LIN ALG"
-- processing "DSCRT STRUCT"
-- processing "[N] STAT METHODS"
-- processing "[N] INTRODUCTION"
-- processing "[N] STAT THINKNG"
-- processing "[N] INT MATH AN"
-- processing "FINITE MATH"
-- processing "HONR CALC II"
-- processing "DESIGN I"
-- processing "CALCULUS II"
-- processing "[N] CALCULUS I"
-- processing "[N] MATH LIFE SC"
-- processing "ELEM FUNCTNS"
-- processing "NO DEGREE CR"
-- processing "FRACT MECH"
-- processing "DEFORMATION"
-- processing "[T] MATERIALS"
-- processing "[M] SR THESIS I"
-- processing "MECH SOLIDS"
-- processing "CERAM MATLS"
-- processing "POLYMER MAT"
-- processing "METALLIC MAT"
-- processing "MAT STR-PROP"
-- processing "THERMO PHASE"
-- processing "ELECT MATLS"
-- processing "MAT S I"
-- processing "INT MAT SCI"
-- processing "CURNT TOPICS"
-- processing "GRAPHIC COM"
-- processing "CONS BEH TH"
-- processing "MKTG ADM POL"
-- processing "MKTG MGT"
-- processing "INTRNATL MKT"
-- processing "PROMOT MGT"
-- processing "RETAIL MGT"
-- processing "[M] PRODUCT MGMT"
-- processing "MKTG RES"
-- processing "CONS BEHAV"
-- processing "INF SYST MGT"
-- processing "DATABASE MGT"
-- processing "[M] SYS ANLYS DS"
-- processing "EMERGETECH I"
-- processing "TELECOM&NETW"
-- processing "MGT INFO SYS"
-- processing "INETBUSPROGM"
-- processing "PUBLISHING"
-- processing "ORACLE OPER"
-- processing "MS FRONTPAGE"
-- processing "UPDATE WIN2K"
-- processing "IMP NET INFR"
-- processing "IMP WIN 2000"
-- processing "NETOPESSENT"
-- processing "RES & PR DEV"
-- processing "PHD TOPICS"
-- processing "PH D TOPICS"
-- processing "MGR LEAD&PRD"
-- processing "STRAT&ORG DS"
-- processing "SED GEOARCH"
-- processing "[M] MACRO ORG"
-- processing "STAFFING"
-- processing "INTRO BUS"
-- processing "N R MT LANDS"
-- processing "PHIL & TH LA"
-- processing "SR CRT PROJI"
-- processing "PROF WRK EXP"
-- processing "LA CONST II"
-- processing "TREND PHYS"
-- processing "LA DESGN III"
-- processing "LA DESIGN I"
-- processing "HIST OF LA"
-- processing "L A GRAPHICS"
-- processing "MST DIR ST"
-- processing "FIELD METHOD"
-- processing "ADV EX PH I"
-- processing "PROF INTERN"
-- processing "SEM JOUR"
-- processing "NEWS EDITING"
-- processing "PRHST NW CST"
-- processing "DOCT RESCH"
-- processing "SPEC PROJ"
-- processing "DOCT TOPICS"
-- processing "RES&THRY DEV"
-- processing "INTL BUS MGT"
-- processing "[M] AUDITING"
-- processing "[M] INTRNATL MKT"
-- processing "COMP INT MGT"
-- processing "QUANT ANTH"
-- processing "INTL BUS LAW"
-- processing "FOR STUDY"
-- processing "TOPICS I D"
-- processing "ADV DSN TH"
-- processing "READINGS/I D"
-- processing "STUDIO I"
-- processing "CUL RES MGT"
-- processing "SP TOPICS ID"
-- processing "CPT APP I D"
-- processing "INT BUILDING"
-- processing "INTER PROGRM"
-- processing "[M] HIST DSN II"
-- processing "VISUAL COMM"
-- processing "ENV DES&COM"
-- processing "DSN ISSUES"
-- processing "INTERD STUD"
-- processing "PREP COL TCH"
-- processing "LITHIC TECH"
-- processing "MCNAIR PREP"
-- processing "P MGT INTERN"
-- processing "INT PEST MGT"
-- processing "FND CLT ANTH"
-- processing "[M] PURE RSK MGT"
-- processing "PROPRTY&LIAB"
-- processing "[H] RSN ROM REV"
-- processing "[H] MYTHOLOGY"
-- processing "MAST TH  EX"
-- processing "PRO INTERN"
-- processing "INSTR PRACTM"
-- processing "THEOR&SUB I"
-- processing "PRO SEMINAR"
-- processing "FIELD PLACEM"
-- processing "PART HD RESR"
-- processing "PROGRAM PLAN"
-- processing "EARLY CH SEM"
-- processing "[M] PUB POL ISS"
-- processing "DIR TEACHING"
-- processing "[T] FAM POVERTY"
-- processing "[M] DIVERSITY"
-- processing "CUR EARLY CH"
-- processing "GUID E CHILD"
-- processing "RESOURCE MGT"
-- processing "[M] PAR-CHLD REL"
-- processing "ACCT PUB ORG"
-- processing "ADULT-OLDER"
-- processing "PRENATAL-8"
-- processing "SP PROJ"
-- processing "HOSP SER MGT"
-- processing "CASE ST RES"
-- processing "OPR ANALYSIS"
-- processing "ADV CATERING"
-- processing "HUMAN OSTEOL"
-- processing "INTL TOURISM"
-- processing "FD SERV SYST"
-- processing "FD/BEV SYST"
-- processing "BEVERAGE MGT"
-- processing "INDUSTRY EXP"
-- processing "LODGING SYST"
-- processing "HUMAN EVOL"
-- processing "INTR IND EXP"
-- processing "CUL/INTL BUS"
-- processing "POST HARVEST"
-- processing "GRAD SEMINAR"
-- processing "[K] SELF CULTURE"
-- processing "POTATO SCI"
-- processing "[M] POST HARVEST"
-- processing "PRO WORK EXP"
-- processing "HORT PROF"
-- processing "NURSERY MGT"
-- processing "INT PLSC LAB"
-- processing "INT PLANTSC"
-- processing "OLERICUL LAB"
-- processing "OLERICULTURE"
-- processing "VIT/SM FRUIT"
-- processing "GRW/DEVEL I"
-- processing "[K] AMER PRE-COL"
-- processing "CONT ENVIR"
-- processing "LA PL MAT I"
-- processing "[K] PEOPLES N AM"
-- processing "HISTORIOGR"
-- processing "LAT AM FIELD"
-- processing "PUBLIC HIST"
-- processing "SEM AM HIST"
-- processing "AM FIELD CO"
-- processing "HIST GEOGRPH"
-- processing "[T] WORLD TRADE"
-- processing "[T] GANDH/IND/US"
-- processing "NAZI GERMANY"
-- processing "[H] RENAISSANCE"
-- processing "EAR MID AGES"
-- processing "CUBA & CARIB"
-- processing "[M] PUBLIC HIST"
-- processing "[S] NAT AM WOMEN"
-- processing "AMER WEST"
-- processing "US 1914-1941"
-- processing "JEFF/JACK AM"
-- processing "[M] EARLY AMER"
-- processing "AM DIP HIST"
-- processing "[S] AMER ENVIRON"
-- processing "WWII/PACIFIC"
-- processing "[S] SCI IN WEST"
-- processing "[G] CHINESE CIV"
-- processing "HIST IRELAND"
-- processing "[K] CULT ECOLOGY"
-- processing "[H] ENGL TO 1485"
-- processing "[H] ANC GREECE"
-- processing "[H] CULTURE 1930"
-- processing "[S] AMERICAN AG"
-- processing "[K] INTRO E ASIA"
-- processing "[I] MIDDLE EAST"
-- processing "[K] LATIN AM COL"
-- processing "[K] CHLDHD/CULTR"
-- processing "[S] PEOPLE OF US"
-- processing "[B] INT PHY ANTH"
-- processing "H CARE FINAN"
-- processing "LIFE SKILLS"
-- processing "INSTRUC PRAC"
-- processing "HTH WELLNESS"
-- processing "INTR ARCHEOL"
-- processing "[M] INTRO LIT"
-- processing "COMPOSITION"
-- processing "[S] GEND IN AMER"
-- processing "ADV TOP GEOL"
-- processing "AD TOP GEOME"
-- processing "RADISOGEOCHR"
-- processing "[K] PEOP OF WRLD"
-- processing "ADV GW HYDR"
-- processing "SEM REM SENS"
-- processing "ADV REM SENS"
-- processing "AD TOP EC G"
-- processing "ISOTOPE HYDR"
-- processing "VOLCANOLOGY"
-- processing "ORIENTATION"
-- processing "BEEF COW MGT"
-- processing "SPEC TOPICS"
-- processing "SM BUS POL"
-- processing "[M] ENTREPRENEUR"
-- processing "ENTREPR MGT"
-- processing "DAIRY MGT LB"
-- processing "INTEGRATE BC"
-- processing "RESIST MECH"
-- processing "[M] GEN ENT LAB"
-- processing "[M] GEN ENTOM"
-- processing "[B] INSECT & PEO"
-- processing "TEACHING APP"
-- processing "TP/COMP&RHET"
-- processing "SEM MED LIT"
-- processing "SEM AMER LIT"
-- processing "ADMIN WR LAB"
-- processing "19C AMER LIT"
-- processing "LIT 18 CENT"
-- processing "CONTEMP RHET"
-- processing "INTR GRAD ST"
-- processing "METH OF COMP"
-- processing "ESL WRITING"
-- processing "[M] AMER WOMEN F"
-- processing "SOCIOLINGUIS"
-- processing "CREAT PROSE"
-- processing "[H] 20C NOVEL"
-- processing "[H] TRAG/COMEDY"
-- processing "[I] CUL CRT/THRY"
-- processing "[H] WOMEN/AM WST"
-- processing "[W] TECH WRT ESL"
-- processing "[W] TECH/PRO WRT"
-- processing "MOD BRIT LIT"
-- processing "ENGL ROM LIT"
-- processing "LIT 16TH CEN"
-- processing "CHAUCER/MDVL"
-- processing "AM LIT/1916"
-- processing "AM LIT/1855"
-- processing "[H] AMER NOVEL"
-- processing "MAG EDITING"
-- processing "CR WR PROSE"
-- processing "[M] IRISH LIT"
-- processing "[H] BIBLE AS LIT"
-- processing "APPROACHES"
-- processing "[G] AS AMER LIT"
-- processing "[H] WOMEN WRITER"
-- processing "[W] RHETOR CONVN"
-- processing "SEM AMER ST"
-- processing "CPTR IN ENGL"
-- processing "ENGL GRAMMAR"
-- processing "INTRO CR WR"
-- processing "[H] RDG AMER LIT"
-- processing "AM ST READ I"
-- processing "[W] WRTG&RESERCH"
-- processing "[W] EXPOSIT WRTG"
-- processing "COLLOQUIUM"
-- processing "[H] INTRO TO LIT"
-- processing "[H] CUL POLITICS"
-- processing "CONVERS ESL"
-- processing "INT GRAM ESL"
-- processing "WRT TUTORIAL"
-- processing "WEST CULTURE"
-- processing "[H] AMER CULTURE"
-- processing "INT ACCT I"
-- processing "ALC COUNSEL"
-- processing "[W] INTRO WRTG"
-- processing "BASIC WRTG"
-- processing "SP TOP EM"
-- processing "SPEC PROJ EM"
-- processing "HELP SKILLS"
-- processing "DIRECTED ST"
-- processing "ADV SIG PROC"
-- processing "CPT COM NETW"
-- processing "SIGNAL THEOR"
-- processing "POW SYS ANLY"
-- processing "AD EL TH I"
-- processing "OPTELECTRON1"
-- processing "RANDOM PROC"
-- processing "MODRN OPTICS"
-- processing "SP TOPICS"
-- processing "LIN SYS TH"
-- processing "INT SEMI DEV"
-- processing "PROT REL LAB"
-- processing "POLITICS-EDU"
-- processing "ADMIN H ED"
-- processing "LAW PHYS ED"
-- processing "LEAD CHANGE"
-- processing "MAST PRAC SA"
-- processing "ST DEV THRY"
-- processing "ISS IN SPORT"
-- processing "INT QUAL RES"
-- processing "EDUC TECHNOL"
-- processing "INSTR LDRSHP"
-- processing "IMPROV INSTR"
-- processing "SOC FND EDUC"
-- processing "LEADER PRACT"
-- processing "LEADRSHP DEV"
-- processing "EDUC ABROAD"
-- processing "MAST DIR ST"
-- processing "MAST TH EX"
-- processing "SP PR/IND ST"
-- processing "NAT RES SCAR"
-- processing "TH INST DEV"
-- processing "ADV PUB FIN"
-- processing "ECN OF SPORT"
-- processing "MONEY/BANK"
-- processing "ECONOMETRICS"
-- processing "DOCT DISS EX"
-- processing "LABOR ECON"
-- processing "MACRO EC AN"
-- processing "HIST EC THOT"
-- processing "COMP EC SYS"
-- processing "COLL BARGAIN"
-- processing "INTERL TRADE"
-- processing "ECON DEVELOP"
-- processing "ECON INTERN"
-- processing "SP PROBLEMS"
-- processing "MACRO ANLYS"
-- processing "MICRO EC TH"
-- processing "MATH MODELS"
-- processing "LDR DEV SEM"
-- processing "LAB TCHG TEC"
-- processing "CLS ASMT EL"
-- processing "CLS ASMT SEC"
-- processing "INSTR PRACT"
-- processing "THEOR FOUNDT"
-- processing "RES METH I"
-- processing "STATISTICS"
-- processing "SEMINAR"
-- processing "PRAC COL IN"
-- processing "ADV ED STAT"
-- processing "PROGRAM EVAL"
-- processing "EDPSY INTERN"
-- processing "INNOV IN DES"
-- processing "AGRIC WASTE"
-- processing "CIRCUITS I"
-- processing "CIRCUITS LAB"
-- processing "ADV TOPICS"
-- processing "INTR EL CKTS"
-- processing "INTR MICROPR"
-- processing "ELECTRONICS"
-- processing "MICROPR SYST"
-- processing "CIRCUITS II"
-- processing "AGTM INTERN"
-- processing "FLDS & WAVES"
-- processing "SIG AND SYS"
-- processing "DIST PAR SYS"
-- processing "E E LAB I"
-- processing "ELEC PWR SYS"
-- processing "PROF PRACTIC"
-- processing "DSN PROJ MGT"
-- processing "[M] E E DESIGN"
-- processing "RF ENGINEER"
-- processing "VLSI SYST I"
-- processing "DIG SIG PROC"
-- processing "POWER LAB II"
-- processing "ANLY INT CKT"
-- processing "[M] AN INT CK L"
-- processing "TOPICS ECE"
-- processing "PROB ALC ADD"
-- processing "POWER ELECTR"
-- processing "INTR CON SYS"
-- processing "PWR SYS PERF"
-- processing "PRT PWRSYS I"
-- processing "INTRO AS-HON"
-- processing "INTRO METEOR"
-- processing "ENVIR SYS"
-- processing "PLANT RES I"
-- processing "NAT RES ECON"
-- processing "INT ACCT II"
-- processing "APP AN NUTR"
-- processing "[M] ENV POLICY"
-- processing "[M] ECOSYSTEM"
-- processing "LIMNOLOGY"
-- processing "AIR GEOMORPH"
-- processing "ANIM WELFARE"
-- processing "RES ECON"
-- processing "SR SEMINAR"
-- processing "COOP INTERN"
-- processing "ADV ENVR LAW"
-- processing "ENV PLANNING"
-- processing "SEMINR ES/RP"
-- processing "FITNESS"
-- processing "INTR EX PHYS"
-- processing "PHYS OF EXER"
-- processing "[M] EX SC LB TC"
-- processing "RE FINANCE"
-- processing "FINAN INST"
-- processing "[M] ADV FIN MGT"
-- processing "[M] INV SEC ANLY"
-- processing "INTRNATL FIN"
-- processing "INTER RATES"
-- processing "PROB FIN MGT"
-- processing "INVEST ANLY"
-- processing "FIN THEORY"
-- processing "ART II"
-- processing "PRIN NUTR"
-- processing "[H] WRLD ART HIS"
-- processing "[G] ART ASIA"
-- processing "[H] MOD ART 19C"
-- processing "[H] WOMEN ART I"
-- processing "ADV DRAWING"
-- processing "MUSCLE PHYSI"
-- processing "INTER PAINT"
-- processing "ELEC IMG INT"
-- processing "CERAMICS"
-- processing "INTER CERAMC"
-- processing "INTRO TO TAX"
-- processing "REPRODUCTION"
-- processing "INTER SCULPT"
-- processing "PRINTMAKING"
-- processing "INTRO PHOTO"
-- processing "INTER PHOTO"
-- processing "[M] ART HIST MOD"
-- processing "ADV PAINTING"
-- processing "DIGITL PRINT"
-- processing "MULTIMED/WEB"
-- processing "REPROD LAB"
-- processing "ADV CERAMICS"
-- processing "ADV SCULPTUR"
-- processing "ADV PHOTO"
-- processing "GALLERY PRO"
-- processing "SR EXHIBIT"
-- processing "EL IM PRTNSP"
-- processing "CONT ISSUES"
-- processing "GR ART HIST"
-- processing "PREV EO PBS"
-- processing "GRAD DRAWING"
-- processing "GRAD PAINTNG"
-- processing "GR ELEC IMAG"
-- processing "GRAD CERAMIC"
-- processing "ADV LVST SEL"
-- processing "GRAD SCULPT"
-- processing "GRAD PRINT"
-- processing "GRAD PHOTOGR"
-- processing "COOP EXTERN"
-- processing "PRO DIETETIC"
-- processing "SCI VIT ENOL"
-- processing "DAIRY PROD"
-- processing "PRACTICUM"
-- processing "FIT&SPT NUTN"
-- processing "[M] PHYSIOL NUTR"
-- processing "NUTR LIFE CY"
-- processing "DYNAM DIETET"
-- processing "FD LAW QUAL"
-- processing "MGT FD SYS I"
-- processing "EAT DISORDER"
-- processing "AD PRAC DIET"
-- processing "FOOD MICROB"
-- processing "FD MICRO LAB"
-- processing "NUTR ASSESS"
-- processing "READINGS FD"
-- processing "AD MED NTRN"
-- processing "FOOD CHEM"
-- processing "[M] FD CHEM LAB"
-- processing "SUPR PRACT I"
-- processing "SUPR PRACTIV"
-- processing "MGT FD SYS 2"
-- processing "CL EXPER FDS"
-- processing "TOPICS MEAT"
-- processing "FD PRACTICUM"
-- processing "ADV HUM NUTR"
-- processing "FOOD CAR LIP"
-- processing "[M] PHYSIOL ANIM"
-- processing "FOOD PRT&ENZ"
-- processing "SUPR PRACT"
-- processing "FN PRACTICUM"
-- processing "PHYSIOL LAB"
-- processing "FOR L METHDS"
-- processing "[S] SPE THT CULT"
-- processing "TOPICS"
-- processing "SEM METHOD"
-- processing "FIRST SEM"
-- processing "ENDO PHYSIOL"
-- processing "SECOND SEM"
-- processing "INTERMEDIATE"
-- processing "CONVERSATION"
-- processing "SPEAK PROFIC"
-- processing "[I] CIVIL&FRANCO"
-- processing "SEM LANG/LIT"
-- processing "AI & PREG"
-- processing "FRES SEMINAR"
-- processing "DA CATTLE PR"
-- processing "[M] BIOTECH"
-- processing "SEM A S"
-- processing "SCI LIT"
-- processing "SEM AN PHYS"
-- processing "COST ACCT"
-- processing "BIOTECH"
-- processing "[G] STUDY ABROAD"
-- processing "INFO RES ED"
-- processing "INFO RES BUS"
-- processing "INFO RES SCI"
-- processing "INFO RES GEN"
-- processing "RESEARCH HUM"
-- processing "INFO RESRCH"
-- processing "ADV WRIT TUT"
-- processing "PLNT BIOTECH"
-- processing "HUMAN GENET"
-- processing "[M] SEMINAR"
-- processing "[M] TOP APPL GEN"
-- processing "EU MOL GENET"
-- processing "CELL BIOLOGY"
-- processing "MOLEC BIO I"
-- processing "RESRCH PROP"
-- processing "FND ONCOLOGY"
-- processing "TOP CELL BIO"
-- processing "[P] INTRO GEOL"
-- processing "GEOL NATL PK"
-- processing "[M] ACCT SYSTEMS"
-- processing "OPTIC MIN"
-- processing "GEOL ENGR"
-- processing "GEOSTATISTIC"
-- processing "[S] ANTH HONORS"
-- processing "RAISOGEOCHR"
-- processing "PALEOECOLOGY"
-- processing "[G] ART & SOC"
-- processing "GEOMECHANICS"
-- processing "ADV MIN"
-- processing "INTER SAX"
-- processing "THEORY I"
-- processing "SEM COMP"
-- processing "JAZZ THEORY"
-- processing "ROCK MUSIC"
-- processing "[G] NA MUS N AM"
-- processing "CLAS PIA III"
-- processing "ORGAN"
-- processing "PIANO"
-- processing "VOICE"
-- processing "HORN"
-- processing "ENV CONT I"
-- processing "TRUMPET"
-- processing "TROMBONE"
-- processing "BARITONE"
-- processing "TUBA"
-- processing "PERCUSSION"
-- processing "VIOLIN"
-- processing "VIOLA"
-- processing "CELLO"
-- processing "BASS"
-- processing "FLUTE"
-- processing "ACOUSTICS I"
-- processing "OBOE"
-- processing "CLARINET"
-- processing "BASSOON"
-- processing "SAXOPHONE"
-- processing "SEC PERF ST"
-- processing "[M] HIST MUS I"
-- processing "ARCH ANIMATN"
-- processing "MUS FOR TCHR"
-- processing "TAX CORPS"
-- processing "CAD I"
-- processing "STRUCTUR III"
-- processing "OPERA WKSHP"
-- processing "CC QUARTET"
-- processing "CC SHOWCHOIR"
-- processing "CONCRT CHOIR"
-- processing "UNIV SINGERS"
-- processing "VOCAL ENSEMB"
-- processing "SYMPHON ORCH"
-- processing "CST COM/CODE"
-- processing "SYMPHON BAND"
-- processing "WIND SYMPH"
-- processing "VOC JAZZ ENS"
-- processing "JAZZ COMBOS"
-- processing "MCH/VAR BAND"
-- processing "ELEC MUSIC"
-- processing "SEM INSTRUM"
-- processing "SEM ADV COMP"
-- processing "ADV JAZZ IMP"
-- processing "SEM PERF LIT"
-- processing "INSTR CONDCT"
-- processing "CHORAL M&M I"
-- processing "VOCAL PED"
-- processing "DIR ST TEACH"
-- processing "GRAD ORGAN"
-- processing "GRAD PIANO"
-- processing "GRAD VOICE"
-- processing "GRAD HORN"
-- processing "GRAD TRUMPET"
-- processing "GRAD TROMB"
-- processing "GRAD BARIT"
-- processing "GRAD TUBA"
-- processing "GRAD PERC"
-- processing "GRAD VIOLIN"
-- processing "GRAD VIOLA"
-- processing "GRAD CELLO"
-- processing "GRAD BASS"
-- processing "GRAD FLUTE"
-- processing "GRAD OBOE"
-- processing "GRAD CLAR"
-- processing "GRAD BASSN"
-- processing "GRAD SAX"
-- processing "GRAD RECITAL"
-- processing "COMM SEM"
-- processing "HIST SEM"
-- processing "G SEM A COMP"
-- processing "INT GR STUDY"
-- processing "SEM LIT 20C"
-- processing "ADV CONDUCT"
-- processing "MUS TOPICS"
-- processing "SEM ENV CONT"
-- processing "INTRO NRM I"
-- processing "PLANNING SEM"
-- processing "SILVICULTURE"
-- processing "NAT RES&SOC"
-- processing "TIMBER HARV"
-- processing "WOOD STR PR"
-- processing "PRIN RG MGT"
-- processing "RG PLANT LAB"
-- processing "RNG/RPRN HBT"
-- processing "TX RES&ES PL"
-- processing "CONSTR SEM"
-- processing "WLD REC LAB"
-- processing "ENV INT METH"
-- processing "RES REC&TOUR"
-- processing "PRN FISH MGT"
-- processing "SP TOP"
-- processing "TOPICS NAT R"
-- processing "COM APPL SEM"
-- processing "WILDLANDFIRE"
-- processing "WLDLF ECOL"
-- processing "FIRE MGT LAB"
-- processing "[M] CONSERV BIOL"
-- processing "RANGELND ECO"
-- processing "[M] MGT FWTR ECO"
-- processing "[M] W REC THESIS"
-- processing "PRACTICE SEM"
-- processing "[M] NATRS THESIS"
-- processing "WL B INTERN"
-- processing "AGROFOR SYST"
-- processing "PLT AUTECOGY"
-- processing "CONSERV BIOL"
-- processing "ADV TOP RG M"
-- processing "SP TOP SEMNR"
-- processing "DIR TOP ARCH"
-- processing "DRILL/LAB"
-- processing "INTRO N S"
-- processing "SHIP SYST II"
-- processing "NAVIGATION"
-- processing "NAV ORG MGMT"
-- processing "TEAM BLDING"
-- processing "HIST&TH ARCH"
-- processing "BSC LDRSHIP"
-- processing "INT LDRSHIP"
-- processing "ADV LDRSHIP"
-- processing "FR SPEC TOP"
-- processing "EXPLOR BRAIN"
-- processing "[M] PRIN NEUROPH"
-- processing "NEUROBIOLOGY"
-- processing "DIR RESEARCH"
-- processing "ADV ARCH LAB"
-- processing "PERSPECT P/T"
-- processing "FUNC NEUROSC"
-- processing "DM&EX AN BEH"
-- processing "NEUROSC LAB"
-- processing "RESEARCH TOP"
-- processing "EXPER DESIGN"
-- processing "PHYSIO PSYCH"
-- processing "ARCH INTERN"
-- processing "AD TOP NURS"
-- processing "COM ANALY"
-- processing "SEM NUTR"
-- processing "NUTR METAB"
-- processing "PHAR CALC"
-- processing "[$] PHARMACEU I"
-- processing "[@] PHARMACE III"
-- processing "[@] BIOTECH"
-- processing "[@] PBT I"
-- processing "[@] PBT III"
-- processing "FIN&MGR ACCT"
-- processing "PHAR TOX SEM"
-- processing "EVAL P/T RES"
-- processing "DRUGS IN SOC"
-- processing "PR HLTH ADVO"
-- processing "PHAR PRAC"
-- processing "PR HLT LABII"
-- processing "[@] AD THERP I"
-- processing "[@] CLN PHARMACO"
-- processing "[@] DRUG INFO"
-- processing "[$] PHAR MGMT"
-- processing "[H] PHIL OF REL"
-- processing "[G] CHINA JAPAN"
-- processing "[H] ANC & MEDIEV"
-- processing "[H] MODERN PHIL"
-- processing "[M] SEM METAPHYS"
-- processing "[H] PHIL OF SCI"
-- processing "BUS ETHICS"
-- processing "[H] BIO ETHICS"
-- processing "[H] ENVIR ETHICS"
-- processing "[M] WOMEN ETHICS"
-- processing "NIETZSCHE"
-- processing "PHIL LANG"
-- processing "[T] E/W PHL ARCH"
-- processing "[M] PHIL OF MIND"
-- processing "BEG COND"
-- processing "BEG CND-ROTC"
-- processing "SELF DEFENSE"
-- processing "BEG JUDO"
-- processing "BEG KARATE"
-- processing "WT TRAINING"
-- processing "BEG TUMBL"
-- processing "GYMNASTICS"
-- processing "AEROBIC DAN"
-- processing "AM SOC DAN"
-- processing "ACC RES METH"
-- processing "[P] DESC ASTRON"
-- processing "BALLET"
-- processing "TAP DANCING"
-- processing "BEG MOD DAN"
-- processing "BEG JAZZ DAN"
-- processing "BEG SWIM"
-- processing "SCUBA DIVING"
-- processing "[P] NIGHT SKY"
-- processing "COND SWIM"
-- processing "WATER AEROBC"
-- processing "JOGGING"
-- processing "BEG GOLF"
-- processing "BEG BOWLING"
-- processing "BEG FENCING"
-- processing "ROLLSK&BLD"
-- processing "BEG TENNIS"
-- processing "POCKET BILL"
-- processing "ULTIMTE FRIS"
-- processing "ATH INJURIES"
-- processing "BEG RACQUET"
-- processing "BEG VLYBALL"
-- processing "INT RACQUET"
-- processing "BEG ROL HKY"
-- processing "BICYCLING"
-- processing "INTER KARATE"
-- processing "INT BALLET"
-- processing "INT TAP DANC"
-- processing "INT JAZZ DAN"
-- processing "LIFEGUARDING"
-- processing "INT GOLF"
-- processing "ADV GOLF"
-- processing "INT BOWLING"
-- processing "INT TENNIS"
-- processing "ADV TENNIS"
-- processing "INT VLYBALL"
-- processing "ADV VLYBALL"
-- processing "INT SOCCER"
-- processing "ADV SOCCER"
-- processing "FLY FISHING"
-- processing "INT ROL HKY"
-- processing "COMP ROL HKY"
-- processing "METH TCH SCI"
-- processing "STRENGTH TRN"
-- processing "PROB SOL 101"
-- processing "PROB SOL 102"
-- processing "[Q] PHYS & WORLD"
-- processing "HS PRACT"
-- processing "SPTMED PRACT"
-- processing "PROB SOL 201"
-- processing "PROB SOL 202"
-- processing "[P] PHYS HON II"
-- processing "MODERN PHYS"
-- processing "ADV STR TRNG"
-- processing "MECHANICS"
-- processing "ELEC & MAG"
-- processing "OPTICS"
-- processing "QUANT MECH"
-- processing "[M] UG THESIS"
-- processing "CLASS MECH I"
-- processing "STAT MECH"
-- processing "STR PRAC"
-- processing "ELECTROM TH"
-- processing "QUANT THE I"
-- processing "QUANT TH III"
-- processing "SEM SOLID ST"
-- processing "TCHG PHYS L"
-- processing "STR PRAC II"
-- processing "ADV CROP SYS"
-- processing "ATH TRN EVAL"
-- processing "INST PRACTIC"
-- processing "RES PROP"
-- processing "[S] INTRNATL POL"
-- processing "ATH TR INT I"
-- processing "[S] POL S HONORS"
-- processing "AMER CONST"
-- processing "AMER PUB POL"
-- processing "[S] MARXIST THOT"
-- processing "INTR PUB ADM"
-- processing "CH/LAT POL"
-- processing "CIVIL LIBER"
-- processing "[M] JUD PROCESS"
-- processing "ELECTORATE"
-- processing "ATH TR INT 2"
-- processing "[M] NATL SEC POL"
-- processing "[T] INT POL PSY"
-- processing "LEGISL PROC"
-- processing "[M] POST-IND NTN"
-- processing "TOP POL S"
-- processing "SCOPE POL S"
-- processing "SEM AM INSTS"
-- processing "ATH TR INT 3"
-- processing "SEM I R THRY"
-- processing "INT SECURITY"
-- processing "COM POLITICS"
-- processing "POL S PROFES"
-- processing "PUB ADMIN"
-- processing "GRAD INTERN"
-- processing "RESRCH PRAC"
-- processing "[S] INTRO PSYCH"
-- processing "DAILY LIVING"
-- processing "PSYCH STRESS"
-- processing "HUMAN SEX"
-- processing "INT PRSNLTY"
-- processing "[S] PSYCH WOMEN"
-- processing "ABNORMAL PSY"
-- processing "[S] PRIN DEVELOP"
-- processing "[B] INTRO PHYSIO"
-- processing "OPER BEHAV"
-- processing "[S] HUMAN VALUES"
-- processing "COG & MEM"
-- processing "RES PARTIC"
-- processing "HIST PSYCH"
-- processing "TCHG INTRO"
-- processing "VAR&EXP DESN"
-- processing "GEN BIOCHEM"
-- processing "APPL BEH RES"
-- processing "PROF ISSUES"
-- processing "PSYPATH"
-- processing "CLINIC ASMNT"
-- processing "PSYCH CHILD"
-- processing "INTELL ASSES"
-- processing "CLINIC ADULT"
-- processing "MED PSY PRAC"
-- processing "MOLEC BIOPHY"
-- processing "BEH MED PRAC"
-- processing "GROUP & INTE"
-- processing "DIVER ISSUES"
-- processing "BEHAV PHARM"
-- processing "EXP ANYL BEH"
-- processing "CLIN INTERN"
-- processing "PRIN PUB REL"
-- processing "P R SEMINAR"
-- processing "P R INTERN"
-- processing "R E ADMIN"
-- processing "AD TOPIC BIO"
-- processing "REC SPEC POP"
-- processing "PRAC COM REC"
-- processing "PRAC MUN AG"
-- processing "PRAC PKS FAC"
-- processing "PR THERA REC"
-- processing "PRAC RLS RES"
-- processing "SP TOPIC"
-- processing "BIOL MEMBRAN"
-- processing "[S] X-NATL COMM"
-- processing "AD SP TOPICS"
-- processing "PHYS BIOCHEM"
-- processing "GRAD SP TOP"
-- processing "SPEAKING PRO"
-- processing "[H] RUS FILM"
-- processing "1ST SEM DAN"
-- processing "TOP SCAND ST"
-- processing "PROT BIOTECH"
-- processing "WEL HST&POL"
-- processing "[M] COMM ORG"
-- processing "[M] SW FIELD EXP"
-- processing "[M] SOC CASEWORK"
-- processing "[S] MAR SEX STYL"
-- processing "[S] SOC HONORS"
-- processing "PERSN IDENTY"
-- processing "RES PROPOSAL"
-- processing "[S] POP RES FUTR"
-- processing "[S] SOC OF SPORT"
-- processing "EMOTIONS"
-- processing "SOC OF AGING"
-- processing "[S] DEV THEORY"
-- processing "[S] JUVENILE DEL"
-- processing "JUV JUSTICE"
-- processing "SOC OF FILM"
-- processing "[S] SOC OF GENDR"
-- processing "[M] DEV SOC TH"
-- processing "SOC METH TEC"
-- processing "QUAN SOC II"
-- processing "[S] SOC & TECH"
-- processing "[S] LESB/GAY STD"
-- processing "[M] SR CAPSTONE"
-- processing "DEV SOC TH"
-- processing "ADV METHOD"
-- processing "ENVIRON SOC"
-- processing "SEM CRI DELQ"
-- processing "SOC PROFESSN"
-- processing "SOC CULTURE"
-- processing "[B] GEN BIOLOGY"
-- processing "[M] LAND USE MGT"
-- processing "SOIL FERTIL"
-- processing "COMPOSTING"
-- processing "AD SOILS AN"
-- processing "TCHG PRACT"
-- processing "SOIL FERT MG"
-- processing "AD GNS CLASS"
-- processing "[M] COMPOSITION"
-- processing "SEM LANG LIT"
-- processing "HIST LIT&CUL"
-- processing "SEM GOLD AGE"
-- processing "SEM S A LIT"
-- processing "INST PRAC"
-- processing "ADV INSTR PR"
-- processing "EXCEP CHILD"
-- processing "PROF SKILLS"
-- processing "EARLY CHLDHD"
-- processing "TCH INC CLSS"
-- processing "INCLUSION"
-- processing "METH ED SUPP"
-- processing "PRAC SP ED"
-- processing "TOPICS SP ED"
-- processing "ACCENT REDUC"
-- processing "ASL I"
-- processing "INT SLP &AUD"
-- processing "[S] PERS DISABIL"
-- processing "SPE LAN CHLD"
-- processing "HRING & DIS"
-- processing "PHYS SPE MEC"
-- processing "SPE SCIENCE"
-- processing "SP  TOPICS"
-- processing "LAN LRNG DIS"
-- processing "AURAL  REHAB"
-- processing "END PR ASMNT"
-- processing "STDY SPECPOP"
-- processing "ADV LANG DEV"
-- processing "OFF-CAM CLIN"
-- processing "CLINIC SERV"
-- processing "SLP&A INTERN"
-- processing "HEARING AIDS"
-- processing "ACQ CNS DIS"
-- processing "ADV CLIN PR"
-- processing "CLIN PERSPEC"
-- processing "ADV AUDIOMET"
-- processing "SLP MEDICAL"
-- processing "PHON ACQ BEH"
-- processing "AUD SYNTH"
-- processing "INTRO SP MGT"
-- processing "SPORT PROG"
-- processing "ETHICS/SPORT"
-- processing "[M] SPORT IN SOC"
-- processing "PRAC SP MGT"
-- processing "SPORT MKTG"
-- processing "SPORT LAW"
-- processing "[M] AD COPY STRA"
-- processing "SAS PROGRAM"
-- processing "ADV SAS PROG"
-- processing "STAT ANALYS"
-- processing "BIOMETRY"
-- processing "EXPERMTL DES"
-- processing "STAT/ECONMST"
-- processing "VAR DSN EXP"
-- processing "ADV ECONOMET"
-- processing "NONPARA STAT"
-- processing "TIME SERIES"
-- processing "LINEAR MODEL"
-- processing "STAT COMPUT"
-- processing "ECONOMET II"
-- processing "STAT CON PRC"
-- processing "INTR FLD EXP"
-- processing "LEARNING&DEV"
-- processing "SEC CURR DEV"
-- processing "[B] INTRO BIOL"
-- processing "TEACH/SEC SC"
-- processing "[M] EL RD&LA ART"
-- processing "CHILDREN LIT"
-- processing "[M] CLASSRM MGT"
-- processing "EL PRAC SEM"
-- processing "SE PRAC&SEM"
-- processing "LITERACY PRC"
-- processing "EL READ METH"
-- processing "INTRO TO ESL"
-- processing "CM DIVERS CL"
-- processing "TCH ELE MATH"
-- processing "TCH EL SCIEN"
-- processing "BIL METH&MAT"
-- processing "CONT LIT M/S"
-- processing "RD&ST SK PRC"
-- processing "INTEG HEALTH"
-- processing "INSTRC PRACT"
-- processing "TECH & CURR"
-- processing "TOPICS IN ED"
-- processing "CLASSRM MGT"
-- processing "TCHR ED INST"
-- processing "EL SC SOC ST"
-- processing "EL SC READNG"
-- processing "LIT DEV II"
-- processing "ELEM MATH"
-- processing "ELEM SCIENCE"
-- processing "ACTION RESRC"
-- processing "SP RP/IND ST"
-- processing "[G] WRLD THEATRE"
-- processing "PERF I ACT"
-- processing "PERF DIR"
-- processing "MOVT STAGE"
-- processing "SCRIPT ANALY"
-- processing "SCENE CONSTR"
-- processing "[H] THEAT HIST I"
-- processing "[H] MUS THEATRE"
-- processing "PROD ANALYS"
-- processing "THEORY CRIT"
-- processing "INTERN THEAT"
-- processing "APPL STUDIES"
-- processing "UH CULTURE"
-- processing "ED ABRD PRCT"
-- processing "HONRS THESIS"
-- processing "THESIS/PROJ"
-- processing "COMM SERVICE"
-- processing "TEACHING"
-- processing "TEAM RESRCH"
-- processing "ADV ANATOMY"
-- processing "SEM CLIN MED"
-- processing "CMP THERIOGN"
-- processing "CLIN NEURLGY"
-- processing "HOSP ROTAT"
-- processing "ADV CLINIC"
-- processing "AD CLIN DIAG"
-- processing "ADV SA SURG"
-- processing "DIAG SURG DS"
-- processing "SURG RES SEM"
-- processing "SKELET PREP"
-- processing "[@] ORIENT ETHIC"
-- processing "[@] INTERNAT V M"
-- processing "[@] INT FLD STD"
-- processing "[@] RES ORIENTN"
-- processing "[@] VET MIC ANAT"
-- processing "[@] V ANATOMY I"
-- processing "[@] VETCELL PHYS"
-- processing "[@] APP ANAT S A"
-- processing "[@] PHARM/TOX I"
-- processing "[@] ANIMAL BEHAV"
-- processing "[@] DM&EX AN BEH"
-- processing "[@] CLIN AN BEH"
-- processing "[@] VET VIROLOGY"
-- processing "[@] VET BACTERIO"
-- processing "[@] DIS WILDLIFE"
-- processing "[$] PATHOLOGY II"
-- processing "[@] S A MED II"
-- processing "[@] SURGERY I"
-- processing "[@] SURGERY LABI"
-- processing "[@] SURG LAB II"
-- processing "[@] CLIN PROBS"
-- processing "[@] AN RESTRAINT"
-- processing "[@] L A MED I"
-- processing "[@] SM AN THERIO"
-- processing "[@] EPIDEMIOLOGY"
-- processing "[@] AN EPIDEMIOL"
-- processing "[@] CLINICL PATH"
-- processing "[@] VET CL NUTR"
-- processing "[@] INTROCLINICS"
-- processing "[@] SP PROBLEMS"
-- processing "[@] SCI WRIT PRE"
-- processing "[@] CLIN EL OSU"
-- processing "[@] SM AN HOSPTL"
-- processing "[@] SA SURG ORTH"
-- processing "[@] SOFT TISSUE"
-- processing "[@] SA MED REFER"
-- processing "[@] SA LOCAL MED"
-- processing "[@] SA SPEC PRAC"
-- processing "[@] EXOT AN MED"
-- processing "[@] CLIN NEUROLO"
-- processing "[@] DENTISTRY"
-- processing "[@] LG AN HOSPTL"
-- processing "[@] POP MEDICINE"
-- processing "[@] LA THERIO"
-- processing "[@] AG AN MED/SX"
-- processing "[@] DIS EPIDMIOL"
-- processing "[@] PREVENT MED"
-- processing "[@] EQ MED ELEC"
-- processing "[@] EQ SURG ELEC"
-- processing "[@] EQ TRK BLOCK"
-- processing "[@] SA THERIO CL"
-- processing "[@] ANES CAS MGT"
-- processing "[@] PHAR& THERAP"
-- processing "[@] RADIOLOGY"
-- processing "[@] IMAG SERVICE"
-- processing "[@] DIAGNOSTICS"
-- processing "[@] CL PATHOLOGY"
-- processing "[@] EM/CRIT CARE"
-- processing "[@] VET RES PRAC"
-- processing "[@] EXTERNSHIP"
-- processing "[@] PRECEPTORSHP"
-- processing "[@] GOV CORP ZOO"
-- processing "[@] LAB AN MED"
-- processing "[@] AVIAN MED"
-- processing "[@] AD CLIN ELEC"
-- processing "ADV READINGS"
-- processing "DIAG MIC CON"
-- processing "VIR DIAGNOS"
-- processing "ADV DIAG MIC"
-- processing "MOL DIAG MIC"
-- processing "AD TOPIC MPI"
-- processing "SEM DIAG MIC"
-- processing "CASE STUDIES"
-- processing "INT RD VPATH"
-- processing "ADV DIAG PA"
-- processing "LAB AN PATH"
-- processing "IMMUNOPATH"
-- processing "INT RESEARCH"
-- processing "RES PROG SEM"
-- processing "RESEARCH PRO"
-- processing "ADV PATH TOP"
-- processing "AN PATH SEM"
-- processing "DESGN&ANALYS"
-- processing "TOPICS PHARM"
-- processing "BIOCHEMISTRY"
-- processing "RES TOP PHYS"
-- processing "TOPICS W ST"
-- processing "WOMSPIRITUAL"
-- processing "[S] EUR WOM HIST"
-- processing "3WRLDWOMFILM"
-- processing "[T] WOM & WORK"
-- processing "[B] BIOL WOMEN"
-- processing "AS/PC AM WOM"
-- processing "[T] LA CHICANA"
-- processing "[M] W ST THEORY"
-- processing "[B] BIO S LAB"
-- processing "[B] AN NAT HIST"
-- processing "ADAP STRA AN"
-- processing "GEN ZOOL LAB"
-- processing "[B] CONTEMP BIOL"
-- processing "GR MIC ANAT"
-- processing "CELL PHYSIOL"
-- processing "[M] PARASITOLOGY"
-- processing "VERT HST&ORG"
-- processing "MAR INV COMM"
-- processing "[M] SP PROB&REPT"
-- processing "NERV SYS CHG"
-- processing "FISH PHYSIOL"
-- processing "FISH GENET"
-- processing "DOMESTICATE"
-- processing "TOP ECOL/EVO"
-- processing "VERT FORM FU"
-- processing "SEMINAR II"
-- processing "TEACH PRAC"
-- processing "HUMAN ECOL"
-- processing "PROSEM IN PT"
-- processing "PT CLINIC EX"
-- processing "SEM ADVER"
-- processing "INT POP GEN"
-- processing "AD AGEN CAM"
-- processing "PERS BIO ENG"
-- processing "ENVIR HYDROL"
-- processing "HYDROLOGY"
-- processing "[M] PROJ DES I"
-- processing "PROC CONTROL"
-- processing "IR&DRAIN SYS"
-- processing "FD SEPR PROC"
-- processing "FD PLANT DES"
-- processing "BSYSE INTERN"
-- processing "RESEACH FUND"
-- processing "FL CON TRANS"
-- processing "PH PROP FOOD"
-- processing "[B] INTRO BOTANY"
-- processing "PLANT PHYS"
-- processing "COMMUN ECOL"
-- processing "BDCST EQUIP"
-- processing "INTR TELECOM"
-- processing "STDO TV PROD"
-- processing "WRITING TV"
-- processing "FLD TV PROD"
-- processing "[M] BDCST NEWS"
-- processing "BROADCST MGT"
-- processing "BDCST NEWS"
-- processing "SPEC PROBLEM"
-- processing "GOVT REG LAW"
-- processing "LAW BUS ORG"
-- processing "[M] REAL EST LAW"
-- processing "[M] INTL BUS LAW"
-- processing "BUS MGR LAW"
-- processing "CH PROC PRIN"
-- processing "SOPH SEMINAR"
-- processing "CH E THERMO"
-- processing "INTRO TRNSPT"
-- processing "JR SEMINAR"
-- processing "MTLS PROCESS"
-- processing "[M] CH E LAB I"
-- processing "CH ANAL&DESI"
-- processing "CH E INTERN"
-- processing "TECH SEMINAR"
-- processing "NAT SEC I"
-- processing "TRANSPORT PR"
-- processing "CH E ANAL I"
-- processing "DIGIT CONTRL"
-- processing "MULT ENV PRO"
-- processing "RES SEMINAR"
-- processing "[P] INTRO CHEM"
-- processing "[S] ECON IN AGRI"
-- processing "[P] PRINCIPLES I"
-- processing "CPTS IN AGHE"
-- processing "[P] PRINCIPLS II"
-- processing "[P] PRN HONORS I"
-- processing "IND STUDY"
-- processing "QUANT ANALY"
-- processing "QUANT AN LAB"
-- processing "PROB SOLVING"
-- processing "PHYS CHEM"
pathsim: elapsed time = 64.0654
---------------------------------------------------------------
