
                            < M A T L A B (R) >
                  Copyright 1984-2014 The MathWorks, Inc.
                    R2014a (8.3.0.532) 64-bit (glnxa64)
                             February 11, 2014


	This is a Classroom License for instructional use only.
	Research and commercial use is prohibited.
 
To get started, type one of these: helpwin, helpdesk, or demo.
For product information, visit www.mathworks.com.
 
[Warning: Directory already exists.] 
[> In udb_course_wsu_target_pathsim_avg at 6] 
nodesReader : read /srv/data/projects/apps/RepIndep_CIDR/udb_course/course.txt
nodesReader : read /srv/data/projects/apps/RepIndep_CIDR/udb_course/offer.txt
nodesReader : read /srv/data/projects/apps/RepIndep_CIDR/udb_course/inst.txt
nodesReader : read /srv/data/projects/apps/RepIndep_CIDR/udb_course/subject.txt
edgesReader : read /srv/data/projects/apps/RepIndep_CIDR/udb_course/offer_inst.txt
edgesReader : read /srv/data/projects/apps/RepIndep_CIDR/udb_course/course_offer.txt
edgesReader : read /srv/data/projects/apps/RepIndep_CIDR/udb_course/course_subject.txt
There are 0 isolated nodes in G.
Data size is |V|=1232 |E|=3610
>> running PathSim with multiple metapaths | uniform weighting
-- processing "Evolutionary Biology"
-- processing "Animal Physiology"
-- processing "Cellular Biology"
-- processing "Ethnic  and  Nation France  and  NAfr"
-- processing "Population Bio:Ecolgy and Evolutn"
-- processing "Genetics and MolecularBiology"
-- processing "Language in Society"
-- processing "Genetics and Gene Regulation"
-- processing "Developmental Biology"
-- processing "New West in Amer Photography"
-- processing "Computer Graphics"
-- processing "Data Structure  and  Algorithm"
-- processing "Combinatorics"
-- processing "Geometry"
-- processing "Abstract Algebra"
-- processing "Advanced Calculus"
-- processing "Complex Analysis"
-- processing "Art  and  Pol in Weimar Republic"
-- processing "Intro to Probability  and Statist"
-- processing "Pol Hist of Art Between Wars"
-- processing "Introduction to Combinatorics"
-- processing "Introduction to Computing"
-- processing "Art and Politics in France"
-- processing "20th C Russian CriticalTheory"
-- processing "Divine Comedy  and Visualizations"
-- processing "Russ Decadent/SymbolistCultur"
-- processing "Russian Lit:Gogol  and Dostoevsky"
-- processing "German Thought Postmod Era"
-- processing "The Myth of St. Petersburg"
-- processing "Russian Lit:Chekhov toPresent"
-- processing "20-Century Chinese Poetry"
-- processing "Medieval Manuscript Illumin"
-- processing "20-Cent Chin Fiction, 1919-49"
-- processing "Russian Short Fiction"
-- processing "Psych of Language Acquisition"
-- processing "Psycholinguistics"
-- processing "Early Medieval Art"
-- processing "Morphosyntactic Typology"
-- processing "Introductory Syntax"
-- processing "Language and Society"
-- processing "General Linguistics"
-- processing "Second Year Latin"
-- processing "First Year Latin"
-- processing "Sculpture II"
-- processing "Sculpture"
-- processing "Introductory Painting II"
-- processing "Introductory Painting"
-- processing "Sem: Comty, Auth, Cult15-1700"
-- processing "Jun Sem: Depression Era U.S."
-- processing "Mexico  and  the Spanish Conquest"
-- processing "Mexico: Indepdence toRevolutn"
-- processing "American Slavery"
-- processing "Gender and History"
-- processing "Civil War and Reconstruction"
-- processing "The French Enlightenment"
-- processing "Old Regime France 1600-1750"
-- processing "Weimar:State,Society  and Culture"
-- processing "The Russian Revolution"
-- processing "The Third Reich"
-- processing "Devel of Britain 1700-1830"
-- processing "The Family in China and Japan"
-- processing "Introduction to Art History"
-- processing "Subaltern Stds Historiography"
-- processing "Spcl Tops: Vietnam War"
-- processing "Introduction to Judaism"
-- processing "Culture and Society 20 Cent Amer"
-- processing "Cultr  and  Society 19 CentAmerca"
-- processing "Modern China"
-- processing "Late Imperial China"
-- processing "Printmaking"
-- processing "Second Year Greek"
-- processing "First Year Greek"
-- processing "German Theory II: Body Media"
-- processing "German Thought Postmodrn Era"
-- processing "Modern German Theatre"
-- processing "Contemporary German Prose"
-- processing "Modernism: Berlin"
-- processing "Advancd Conversation and Writing"
-- processing "Adv Conversation and Writing"
-- processing "Secnd Yr Ger:CultralPerspctvs"
-- processing "Figure Drawing"
-- processing "Frst Yr German:A Foundation"
-- processing "Seminar:Uses of Literature"
-- processing "20th Century French Theatre"
-- processing "20th C French Poetry  and Poetics"
-- processing "17th Cent French Drama"
-- processing "Early Modern French Narrative"
-- processing "Lit  and  Society (18th Century)"
-- processing "Lit  and  Society (16th Century)"
-- processing "Stylistics and Composition"
-- processing "First Year French"
-- processing "Literary Theory:EthicsReading"
-- processing "Poetry  and  History:Contemp Amer"
-- processing "Basic Technique"
-- processing "Advanced Fiction Writing"
-- processing "Adv Poet Writing:NaturalVoice"
-- processing "Adv Poet Writng: SequentVoice"
-- processing "Intro to ScreenwritingWrkshop"
-- processing "Intermediate Poetry: StudioII"
-- processing "Intro to Fiction Writing"
-- processing "Indians  and  Northrn NativeAmers"
-- processing "Intro Poetry Writing"
-- processing "Intro to Creative Writing"
-- processing "Specl Topics in Roman History"
-- processing "Ancient History: Rome"
-- processing "Greek Tragedy"
-- processing "20th Century Chinese Poetry"
-- processing "Yijing: Text and Tradition"
-- processing "Chinese Narrative Tradition"
-- processing "20 Cent Chin Fiction, 1919-49"
-- processing "Classical Chinese"
-- processing "Media  and  Culture Post-MaoChina"
-- processing "Third Year Chinese"
-- processing "Second Year Chinese"
-- processing "First Year Chinese"
-- processing "Biochemical Methods"
-- processing "Metabolic Biochemistry"
-- processing "Prob in IndonesianEthnography"
-- processing "Organic Chemistry II"
-- processing "Organic Chemistry I"
-- processing "Anthropology of Europe"
-- processing "Chemical Reactivity"
-- processing "Languages the Americas:Mayan"
-- processing "MolecularStructure and Properties"
-- processing "Seminar in Biology"
-- processing "Bacterial Pathogenesis"
-- processing "Field Biology of Amphibians"
-- processing "Sex and Gender"
-- processing "Intro Inorganic Chemistry"
-- processing "Gender and Ethnicity China, Tibet"
-- processing "Environmental Chemistry"
-- processing "Analytical Chemistry"
-- processing "Physical Chemistry Laboratory"
-- processing "Computational Organic Chem"
-- processing "Statistical Thermodynamics"
-- processing "Quantum Mechanics  and  MolStruct"
-- processing "Advanced Inorganic Chemistry"
-- processing "Adv Synth Organic Chemistry"
-- processing "Myth"
-- processing "Structural Biochemistry"
-- processing "Technique, Design  and Compostion"
-- processing "Urban Anthropology"
-- processing "Improvisation"
-- processing "Adv Techniques  and  CompositionI"
-- processing "Adv Technique  and  CompositionII"
-- processing "Dance Theory and Criticism"
-- processing "Nature, Cult  and Envirnmentalism"
-- processing "Survey of Econometric Methods"
-- processing "Theory and  Practice Econometrics"
-- processing "Microeconomic Theory"
-- processing "Macroeconomic Theory"
-- processing "History of Economic Thought"
-- processing "Monetary and Fiscal Policy"
-- processing "International Macroeconomics"
-- processing "Economics of the PublicSector"
-- processing "Structuralism and Semiotics"
-- processing "Environment  and  Nat Resrce Econ"
-- processing "Economics of Development"
-- processing "International Trade"
-- processing "Seminar: Unemployment"
-- processing "Economics  and  Game Theory"
-- processing "Econ Envirn, Intl Trade,Devel"
-- processing "Economic Growth"
-- processing "Intro Narr:Native AmericanLit"
-- processing "Intro Narr: Telling Lives"
-- processing "Intro Narrative: The Essay"
-- processing "Intro Fict:Colonl and LaterNovels"
-- processing "Intro Fict:Portraits ofLadies"
-- processing "Intro Fict: The Short Story"
-- processing "Intro to Drama: The 1990s"
-- processing "Intro Drama:Conventn  and Inovatn"
-- processing "Jun Sem: Epic and Novel"
-- processing "Theories of Culture"
-- processing "Jun Sem:Irony, Allegory, Epic"
-- processing "Amer. Studies Seminar: TheEnd"
-- processing "Fict:Wolff,Forster,Bloomsbury"
-- processing "Fict: Novel  and  Theory Mimesis"
-- processing "Mod Fict:Representing Mothers"
-- processing "American Lit: Race in America"
-- processing "Amer Lit: The James Brothers"
-- processing "American Lit: Speaking ofRace"
-- processing "20th Cent African-Amercan Lit"
-- processing "Love in Shakespeare"
-- processing "Skepticism in Shakespeare"
-- processing "Poetry: Pound and H.D."
-- processing "Probability"
-- processing "Topics in Advanced AnalysisII"
-- processing "Elemetary Number Theory"
-- processing "Algebraic Structures"
-- processing "Topics In Computer Theory"
-- processing "Chamber Orchestra"
-- processing "Chorus"
-- processing "Collegium Musicum"
-- processing "Intermed Paint,Draw,PrintmakI"
-- processing "Intro to Music Listening"
-- processing "Music Theory I"
-- processing "Theory II:IntermediateHarmony"
-- processing "IntermedPaint,Draw,PrintmakII"
-- processing "Survey of Western Music"
-- processing "Theory III: BaroqueCounterpnt"
-- processing "The String Quartet"
-- processing "Representation in Music"
-- processing "Romantic Music"
-- processing "Jazz"
-- processing "Modernism in Music"
-- processing "Medieval and RenaissanceMusic"
-- processing "Advanced Analysis"
-- processing "Intermed Sculp  and  Multimedia I"
-- processing "Aerobics"
-- processing "African Dance"
-- processing "Aikido"
-- processing "Archery"
-- processing "Bellydance"
-- processing "Ballroom Dance-Beginning"
-- processing "Ballroom Dance-Intermediate"
-- processing "Canoeing"
-- processing "Intermed Sculp  and  MultimediaII"
-- processing "Self Defense"
-- processing "Fencing"
-- processing "Folkdance"
-- processing "Golf"
-- processing "Yoga-Hatha"
-- processing "Judo"
-- processing "Juggling"
-- processing "Jitterbug"
-- processing "Yoga-Kundilini"
-- processing "Kayaking-Intermediate"
-- processing "Leonardo, Raphael,Michelangel"
-- processing "Lifeguard Training"
-- processing "Yoga-Relaxaion"
-- processing "Rock Climbing"
-- processing "Rugby-Men and Women"
-- processing "Rowing-Beginning"
-- processing "Rowing-Intermediate"
-- processing "Softball"
-- processing "Squash-Beginning"
-- processing "Squash-Intermediate"
-- processing "Sailing"
-- processing "Tai Chi-Beginning"
-- processing "Tai Chi-Intermediate"
-- processing "Tennis-Advanced"
-- processing "Tennis-Beginning"
-- processing "Tennis-Intermediate"
-- processing "Ultimate Frisbee"
-- processing "White Water Rafting"
-- processing "Badminton"
-- processing "Basketball-Coed"
-- processing "Backcountry Navigation"
-- processing "Bowling"
-- processing "Folkdancing"
-- processing "Hiking Around Portland"
-- processing "Yoga-Kundlini"
-- processing "Modern Dance"
-- processing "Yoga-Relaxation"
-- processing "Raquetball-Beginning"
-- processing "Squash-beginning"
-- processing "Logic"
-- processing "Ancient Philosophy"
-- processing "Post-Kantian Continental Phil"
-- processing "Metaphysics"
-- processing "Epistemology"
-- processing "Ethics"
-- processing "Philosophy of Mind"
-- processing "Adv Topics:APrior,Nec,Anlytic"
-- processing "Advanced Topics:Phil of Mind"
-- processing "Advanced Topics: Epistemology"
-- processing "Adv Topics: Ethics"
-- processing "Major Figures:Existentialists"
-- processing "Major Figures: Davidson"
-- processing "Major Figures: Hume"
-- processing "General Physics I"
-- processing "General Physics II"
-- processing "Classical Mechanics I"
-- processing "Electrodynamics I"
-- processing "Electrodynamics II"
-- processing "Optics"
-- processing "Advanced Laboratory I"
-- processing "Advanced Laboratory II"
-- processing "Quantum Mechanics I"
-- processing "Thermal Physics"
-- processing "Solid State Physics"
-- processing "Elementary Particles"
-- processing "Scientific Computation"
-- processing "Classical Mechanics II"
-- processing "Quantum Mechanics II"
-- processing "Intro Political Analysis"
-- processing "Empirical Political Theory"
-- processing "Classical PoliticalPhilosophy"
-- processing "Modern Political Philosophy"
-- processing "Comparative Politics"
-- processing "Research Methods"
-- processing "Democratic Theory"
-- processing "Politics of Globalization"
-- processing "Environmental Politics"
-- processing "Pol of Democratic Participatn"
-- processing "States and Illegal Markets"
-- processing "Approaches to Violence"
-- processing "Pol of Border and US-Mexico"
-- processing "Con. Law and JudicialPolitics"
-- processing "Systems of Justice"
-- processing "International CriminalJustice"
-- processing "Machiavelli"
-- processing "Political Philosophies ofWork"
-- processing "Intro to Psychology I"
-- processing "Intro to Psychology"
-- processing "Intro to Psychology II"
-- processing "Social Psychology"
-- processing "Health Psychology"
-- processing "Social Development"
-- processing "Community Psychology"
-- processing "Neuropsychology"
-- processing "Psychopharmacology"
-- processing "Thinking"
-- processing "Research Design  and  DataAnalysi"
-- processing "Psychopathology"
-- processing "Human Development"
-- processing "Cognitive Processes"
-- processing "Learning"
-- processing "Music Perception"
-- processing "Cross-Cultural Psychology"
-- processing "Psychobiology Research"
-- processing "Clinical Psychology"
-- processing "Intro to Religions of Asia"
-- processing "Introduction to Islam"
-- processing "Theory  and  Method in RelStudies"
-- processing "Theory  and Methods in RelStudies"
-- processing "History of Religion"
-- processing "Chinese Mahayana Texts"
-- processing "Missing Persons World ofIslam"
-- processing "Romanticism and Religion"
-- processing "Spcl Top Ancient Christianity"
-- processing "Second Year Russian"
-- processing "Vascular Plant Diversity"
-- processing "Advanced Russian"
-- processing "20th Century Russian Poetry"
-- processing "Mod Russ Lit:Chekov toPresent"
-- processing "Russ Lit: Gogol  and  Dostoevsky"
-- processing "Race and Ethnicity"
-- processing "Sociology of Religion"
-- processing "American Capitalism"
-- processing "Sociology of Culture"
-- processing "Spanish Short Story"
-- processing "Animal Behav.  and  Behav.Ecology"
-- processing "Modern Peninsular Drama"
-- processing "Mod Spanish American Drama"
-- processing "Penin Lit: Dogma  and  Disbelief"
-- processing "Spl Tops Span Amer Lit:Borges"
-- processing "The City in Span Amer Lit"
-- processing "Lit Responses to Dictatorship"
-- processing "Introduction to Theatre"
-- processing "Masks  and  Make-up Design"
-- processing "Design for the Theatre: Sets"
-- processing "Costume History  and  Design"
-- processing "Design for Theatre: Lights"
-- processing "Acting Laboratory"
-- processing "Plays and Playhouses"
-- processing "Intercultr ExperimentsTheatre"
-- processing "Playwriting"
-- processing "Techniques of Acting"
-- processing "Directing I"
-- processing "Special Problems in Directing"
-- processing "Topics in FrenchEnlightenment"
-- processing "Greek Humanities"
-- processing "ColonizingAfrica:Conrad and Congo"
-- processing "Don Quixote  and  Narr. Theory"
-- processing "Ornamental Art"
-- processing "Experiments Intercult Theatre"
pathsim: elapsed time = 4.9868
---------------------------------------------------------------
