
                            < M A T L A B (R) >
                  Copyright 1984-2014 The MathWorks, Inc.
                    R2014a (8.3.0.532) 64-bit (glnxa64)
                             February 11, 2014


	This is a Classroom License for instructional use only.
	Research and commercial use is prohibited.
 
To get started, type one of these: helpwin, helpdesk, or demo.
For product information, visit www.mathworks.com.
 
[Warning: Directory already exists.] 
[> In main_mas_keyword_modpathsim2 at 5] 
nodesReader : read /srv/data/projects/apps/RepIndep_CIDR/dblp/data/mas/paper.txt
nodesReader : read /srv/data/projects/apps/RepIndep_CIDR/dblp/data/mas/conf.txt
nodesReader : read /srv/data/projects/apps/RepIndep_CIDR/dblp/data/mas/domain.txt
nodesReader : read /srv/data/projects/apps/RepIndep_CIDR/dblp/data/mas/keyword.txt
edgesReader : read /srv/data/projects/apps/RepIndep_CIDR/dblp/data/mas/paper_domain.txt
edgesReader : read /srv/data/projects/apps/RepIndep_CIDR/dblp/data/mas/paper_conf.txt
edgesReader : read /srv/data/projects/apps/RepIndep_CIDR/dblp/data/mas/domain_keyword.txt
There are 5589 isolated nodes in G.
the following queries do not exist
    'KONVENS - Verarbeitung nat?rlicher Sprache'
    'Gesellschaft f?r Linguistische Datenverarbeitung'

Data size is |V|=89538 |E|=379152
>>> calculating Mod2-PathSim <<<
-- processing "ICOMP"
-- processing "IC-AI"
-- processing "ICAIL"
-- processing "ICALP"
-- processing "ICANN"
-- processing "ICCV"
-- processing "ICDM"
-- processing "ICDT"
-- processing "ICEIS"
-- processing "ICES"
-- processing "ICIS"
-- processing "ICMI"
-- processing "ICRA"
-- processing "ICSOC"
-- processing "ICTAI"
-- processing "ICWE"
-- processing "ICWS"
-- processing "IDA"
-- processing "IDEAS"
-- processing "IDS"
-- processing "IEA/AIE"
-- processing "IJCAI"
-- processing "IKE"
-- processing "ISAAC"
-- processing "ISSAC"
-- processing "IUI"
-- processing "JCDL"
-- processing "KDD"
-- processing "KES"
-- processing "KI"
-- processing "LATIN"
-- processing "LICS"
-- processing "LPAR(RCLP)"
-- processing "MCS"
-- processing "Mensch & Computer"
-- processing "MFCS"
-- processing "PAKDD"
-- processing "RelMiCS"
-- processing "AAECC"
-- processing "ACCV"
-- processing "ACL"
-- processing "ACSD"
-- processing "ADG"
-- processing "ALT"
-- processing "APN"
-- processing "APWeb"
-- processing "ASSETS"
-- processing "AVI"
-- processing "SDM"
-- processing "ISWC"
-- processing "SIGIR"
-- processing "UAI"
-- processing "UIST"
-- processing "WI"
-- processing "WIRN"
-- processing "WISE"
-- processing "BMVC"
-- processing "CLEF"
-- processing "COLING"
-- processing "COLT"
-- processing "DAS"
-- processing "DASFAA"
-- processing "DaWaK"
-- processing "DL"
-- processing "DOLAP"
-- processing "DS"
-- processing "ECCV"
-- processing "ECML"
-- processing "FGR"
-- processing "EACL"
-- processing "Natural Language Understanding and Cognitive Science"
-- processing "Pattern Recognition in Information Systems"
-- processing "CIARP"
-- processing "CICLing"
-- processing "CVPR"
-- processing "DAGM Symposium Symposium for Pattern Recognition"
-- processing "DGCI"
-- processing "ECIR"
-- processing "GBR"
-- processing "AMTA"
-- processing "ADMA"
-- processing "IDEAL"
-- processing "PJW"
-- processing "PKDD"
-- processing "TSDM"
-- processing "DMDW"
-- processing "DMKD"
-- processing "Japanese Discovery Science Project"
-- processing "ESF Exploratory Workshops"
-- processing "FIMI"
-- processing "Fuzzy Systems and Knowledge Discovery"
-- processing "ICDM"
-- processing "IuK"
-- processing "SPIRE"
-- processing "ECDL"
-- processing "New Developments in Digital Libraries"
-- processing "Dublin Core Conference"
-- processing "ELSNET Summer School"
-- processing "ESSIR"
-- processing "ICADL"
-- processing "Multimedia Information Retrieval"
-- processing "IBM Germany Scientific Symposium Series"
-- processing "IICIS"
-- processing "INTEROP"
-- processing "IQ"
-- processing "IWDM"
-- processing "IWDOM/OODBS"
-- processing "JBIDI"
-- processing "ICAPS(AIPS)"
-- processing "ICCBR"
-- processing "ICCS"
-- processing "IFSA"
-- processing "ILP"
-- processing "ISIPTA"
-- processing "ISMIS"
-- processing "JELIA"
-- processing "KR"
-- processing "MLMTA"
-- processing "NC"
-- processing "NCI"
-- processing "AFSS"
-- processing "EURASIP Workshop"
-- processing "ICAPR"
-- processing "ICDAR"
-- processing "ICGI"
-- processing "IICS"
-- processing "INET"
-- processing "LA-WEB"
-- processing "QofIS"
-- processing "USITS"
-- processing "WebDB"
-- processing "WebNet"
-- processing "CEC(WECWIS)"
-- processing "WES"
-- processing "WIDM"
-- processing "WIIW"
-- processing "WITASI"
-- processing "LACL"
-- processing "NLDB"
-- processing "NLULP"
-- processing "SCIE"
-- processing "TSD"
-- processing "EAMT Workshops"
-- processing "EWNLG"
-- processing "ANLP"
-- processing "IWPT"
-- processing "ICTE"
-- processing "IO"
-- processing "IUC"
-- processing "MD"
-- processing "RAW"
-- processing "ABIS"
-- processing "AusWeb"
-- processing "SVG.Open"
-- processing "TAMODIA"
-- processing "UbiComp(HUC)"
-- processing "UIDIS"
-- processing "UM"
-- processing "ISTCS"
-- processing "LFCS"
-- processing "ASIAN"
-- processing "ASM"
-- processing "AMFG"
-- processing "Scale-Space"
-- processing "TFCV"
-- processing "EMMCVPR"
-- processing "Computer Vision meets Databases"
-- processing "HLK"
-- processing "Workshop on Human Motion"
-- processing "ICCV Workshops"
-- processing "ICVS"
-- processing "IWVF"
modpathsim2: elapsed time = 125.5272
---------------------------------------------------------------
