
                            < M A T L A B (R) >
                  Copyright 1984-2014 The MathWorks, Inc.
                    R2014a (8.3.0.532) 64-bit (glnxa64)
                             February 11, 2014


	This is a Classroom License for instructional use only.
	Research and commercial use is prohibited.
 
To get started, type one of these: helpwin, helpdesk, or demo.
For product information, visit www.mathworks.com.
 
[Warning: Directory already exists.] 
[> In udb_course_wsu_source_rwr at 6] 
nodesReader : read /srv/data/projects/apps/RepIndep_CIDR/udb_course/course.txt
nodesReader : read /srv/data/projects/apps/RepIndep_CIDR/udb_course/offer.txt
nodesReader : read /srv/data/projects/apps/RepIndep_CIDR/udb_course/inst.txt
nodesReader : read /srv/data/projects/apps/RepIndep_CIDR/udb_course/subject.txt
edgesReader : read /srv/data/projects/apps/RepIndep_CIDR/udb_course/offer_inst.txt
edgesReader : read /srv/data/projects/apps/RepIndep_CIDR/udb_course/course_offer.txt
edgesReader : read /srv/data/projects/apps/RepIndep_CIDR/udb_course/offer_subject.txt
There are 0 isolated nodes in G.
Data size is |V|=3501 |E|=8780
>>> calculating Random Walk With Restart <<<
-- processing "OPER MGT"
-- processing "SMALL ENGINE"
-- processing "[M] ADV OP MGT"
-- processing "[M] STAT METH"
-- processing "MOD DANCE II"
-- processing "JAZZ DANC II"
-- processing "MOD DANCE I"
-- processing "JAZZ DANCE I"
-- processing "MET FABRICTN"
-- processing "BIOL WEEDS"
-- processing "SEED S& TECH"
-- processing "ADV CROP SYS"
-- processing "WORLD CROPS"
-- processing "FIELD CROP S"
-- processing "PLAN CHG CJ"
-- processing "SEM VOC EDUC"
-- processing "CRM J PROFES"
-- processing "CRM J PROC"
-- processing "ORG ENVIR CJ"
-- processing "COPSY INTERN"
-- processing "RES COPSY"
-- processing "DOC PRAC III"
-- processing "DOCT PRACT I"
-- processing "SCH CNS INTR"
-- processing "INTRN AGENCY"
-- processing "INDIV APP I"
-- processing "ETHICS/PROF"
-- processing "STUDNT ORGAN"
-- processing "CAREER DEV"
-- processing "COUN TH I"
-- processing "HIST PHIL CO"
-- processing "[M] VOCATIONL ED"
-- processing "OPER SYST"
-- processing "DATABASE SYS"
-- processing "PROG LANG TH"
-- processing "PROSEMINAR"
-- processing "TEACH METHOD"
-- processing "MICROCOMPUTR"
-- processing "OP SYST ARCH"
-- processing "COMPILER DSN"
-- processing "INTRO TO DBS"
-- processing "DSN ANAL ALG"
-- processing "ANIMATN PROG"
-- processing "COMP HUM INT"
-- processing "CPT GRAPHICS"
-- processing "INTRO TO A I"
-- processing "[M] SOFTWARE ENG"
-- processing "[S] CPTS&SOCIETY"
-- processing "[M] SYSTEMS PROG"
-- processing "SOFTWARE DES"
-- processing "NUMERIC COMP"
-- processing "AUTOMATA"
-- processing "UNIX SY ADMN"
-- processing "TOP SKIL LIT"
-- processing "C PROG LANG"
-- processing "DATA STRUCT"
-- processing "FORTRAN PROG"
-- processing "PROG DSN DEV"
-- processing "AG POLICY"
-- processing "CPT LIT&APPS"
-- processing "PC TOOLS"
-- processing "COMPUTER LIT"
-- processing "[I] CUL CRT/THRY"
-- processing "TOP RES ECON"
-- processing "[H] AF AM CINEMA"
-- processing "[S] BLACK PSYCH"
-- processing "RSCH MTH/STR"
-- processing "CAC STUDIES"
-- processing "MICRO ECO TH"
-- processing "[G] INTRO NA AM"
-- processing "[G] INTRO CH ST"
-- processing "[S] ASIAN AM STD"
-- processing "ADV ECONOMET"
-- processing "AP INPRS COM"
-- processing "[M] CRIT PUB"
-- processing "ADV INTERP"
-- processing "ORGANIZ COMM"
-- processing "[C] GROUP COMM"
-- processing "ECONOMEET II"
-- processing "STAT/ECONMST"
-- processing "SEMINAR COM"
-- processing "COM THEORY"
-- processing "SEM TRAINING"
-- processing "CRIT PUB ADD"
-- processing "AGBUS INTERN"
-- processing "MEDIA CRITIC"
-- processing "FIRST AMEND"
-- processing "MEDIA ETHICS"
-- processing "NEW COM TECH"
-- processing "LAW MASS COM"
-- processing "[I] INTRCULT COM"
-- processing "MEDIA WRITNG"
-- processing "[M] AG POLICY"
-- processing "ECON COM DEV"
-- processing "PHOTOCOM"
-- processing "LANG & BEHAV"
-- processing "[M] AD AGBUS MGT"
-- processing "AG EC STAT"
-- processing "[S] MASS COM SOC"
-- processing "LAT LT REP I"
-- processing "SPECIAL TOP"
-- processing "LAT LANG LAB"
-- processing "ELEM GREEK I"
-- processing "MATH ECON"
-- processing "BEG LATIN"
-- processing "PHYSICAL SEM"
-- processing "ANALYTIC SEM"
-- processing "INORGAN SEM"
-- processing "AG PRICES"
-- processing "ENV CHEM II"
-- processing "AD TOP ORG"
-- processing "ORG REACT"
-- processing "AD P CHEM I"
-- processing "ADV ANALY CH"
-- processing "ELECTROCHEM"
-- processing "MASS SPECTR"
-- processing "INTR AG MKTG"
-- processing "DIR RESEARCH"
-- processing "[M] ENV CHEM II"
-- processing "SLD STE CHEM"
-- processing "TEACH CHEM"
-- processing "AP SPECTROSC"
-- processing "INST ANALYS"
-- processing "FRM/RNCH MGT"
-- processing "ORG CHEM LAB"
-- processing "ENV PHY CHEM"
-- processing "PHYSICAL LAB"
-- processing "PHYS CHEM"
-- processing "PROB SOLVING"
-- processing "ELEM ORGANIC"
-- processing "QUANT ANALY"
-- processing "[S] ECON IN AGRI"
-- processing "RES SEMINAR"
-- processing "DIGIT CONTRL"
-- processing "CH E ANAL I"
-- processing "TRANSPORT PR"
-- processing "NAT SEC I"
-- processing "TECH SEMINAR"
-- processing "CH ANAL&DESI"
-- processing "[M] CH E LAB I"
-- processing "MTLS PROCESS"
-- processing "JR SEMINAR"
-- processing "INTRO TRNSPT"
-- processing "CH E THERMO"
-- processing "SOPH SEMINAR"
-- processing "CH PROC PRIN"
-- processing "BUS MGR LAW"
-- processing "[M] INTL BUS LAW"
-- processing "[M] REAL EST LAW"
-- processing "LAW BUS ORG"
-- processing "GOVT REG LAW"
-- processing "SPEC PROBLEM"
-- processing "BDCST NEWS"
-- processing "[M] SEM BDCST"
-- processing "[M] BDCST NEWS"
-- processing "FLD TV PROD"
-- processing "WRITING TV"
-- processing "INTR TELECOM"
-- processing "PLNT ANATOMY"
-- processing "FL CON TRANS"
-- processing "RESEACH FUND"
-- processing "ECOENV E DES"
-- processing "PROF INTERN"
-- processing "PROC CONTROL"
-- processing "[M] PROJ DES I"
-- processing "HYDROLOGY"
-- processing "ENVIR HYDROL"
-- processing "PERS BIO ENG"
-- processing "MECH BIOMTRL"
-- processing "ANALYSIS&DES"
-- processing "AD AGEN CAM"
-- processing "ENGR LIV SYS"
-- processing "INT POP GEN"
-- processing "SEM ADVER"
-- processing "HUMAN ECOL"
-- processing "CELL PHY LAB"
-- processing "DOMESTICATE"
-- processing "METH TCH SCI"
-- processing "FISH GENET"
-- processing "FISH PHYSIOL"
-- processing "NERV SYS CHG"
-- processing "MAR INV COMM"
-- processing "[M] BIO AMPH REP"
-- processing "[B] BIOL WOMEN"
-- processing "PR ORG EVOL"
-- processing "GEN BIOLOGY"
-- processing "CELL PHYSIOL"
-- processing "COMP PHYSIOL"
-- processing "INVERT BIOL"
-- processing "PRIN AN DEV"
-- processing "HUM PHYSIOL"
-- processing "GEN ZOOL LAB"
-- processing "ADAP STRA AN"
-- processing "[Q] EVOLUTION"
-- processing "[B] AN NAT HIST"
-- processing "[S] LESB/GAY STD"
-- processing "[M] W ST THEORY"
-- processing "[T] LA CHICANA"
-- processing "AS/PC AM WOM"
-- processing "[T] WOM & WORK"
-- processing "3WRLDWOMFILM"
-- processing "[S] EUR WOM HIST"
-- processing "WOMSPIRITUAL"
-- processing "GEN CEL PHYS"
-- processing "DESGN&ANALYS"
-- processing "IMMUNOPATH"
-- processing "LAB AN PATH"
-- processing "CASE STUDIES"
-- processing "MOL DIAG MIC"
-- processing "VIR DIAGNOS"
-- processing "[@] AVIAN MED"
-- processing "[@] DIAGNOSTICS"
-- processing "[@] DIS EPIDMIOL"
-- processing "[@] AG AN MED/SX"
-- processing "[@] LA THERIO"
-- processing "[@] INTROCLINICS"
-- processing "[@] CLINICL PATH"
-- processing "[@] AN EPIDEMIOL"
-- processing "[@] EPIDEMIOLOGY"
-- processing "[@] SM AN THERIO"
-- processing "[@] L A MED I"
-- processing "[@] AN RESTRAINT"
-- processing "[@] CLIN PROBS"
-- processing "[@] SURGERY I"
-- processing "[$] PATHOLOGY II"
-- processing "[@] DIS WILDLIFE"
-- processing "[@] VET BACTERIO"
-- processing "[@] VET VIROLOGY"
-- processing "[@] CLIN AN BEH"
-- processing "[@] DM&EX AN BEH"
-- processing "[@] ANIMAL BEHAV"
-- processing "[@] PHARM/TOX I"
-- processing "[@] APP ANAT S A"
-- processing "[@] VETCELL PHYS"
-- processing "[@] V ANATOMY I"
-- processing "[@] VET MIC ANAT"
-- processing "[@] RES ORIENTN"
-- processing "[@] INTERNAT V M"
-- processing "SKELET PREP"
-- processing "DIAG SURG DS"
-- processing "ADV ANATOMY"
-- processing "FUNCT ANAT"
-- processing "INTERN THEAT"
-- processing "THEORY CRIT"
-- processing "PROD ANALYS"
-- processing "[H] MUS THEATRE"
-- processing "[H] THEAT HIST I"
-- processing "SCENE CONSTR"
-- processing "SCRIPT ANALY"
-- processing "MOVT STAGE"
-- processing "PERF DIR"
-- processing "PERF I ACT"
-- processing "THEAT TECH"
-- processing "[H] INTRO THEATR"
-- processing "[G] WRLD THEATRE"
-- processing "TCHR ED INST"
-- processing "TOPICS IN ED"
-- processing "TECH & CURR"
-- processing "RD&ST SK PRC"
-- processing "CONT LIT M/S"
-- processing "ED TECHNOLGY"
-- processing "SOC FND/CUR"
-- processing "EL&MD SOC ST"
-- processing "TCH EL SCIEN"
-- processing "TCH ELE MATH"
-- processing "DIVERSITY"
-- processing "TEACH/SEC SC"
-- processing "SEC CURR DEV"
-- processing "INTR FLD EXP"
-- processing "STAT COMPUT"
-- processing "LINEAR MODEL"
-- processing "TIME SERIES"
-- processing "NONPARA STAT"
-- processing "EXPERMTL DES"
-- processing "STAT ANALYS"
-- processing "[M] AD COPY STRA"
-- processing "INSTRUC PRAC"
-- processing "SPORT LAW"
-- processing "SPORT MKTG"
-- processing "[M] SPORT IN SOC"
-- processing "ETHICS/SPORT"
-- processing "SPORT PROG"
-- processing "AUD SYNTH"
-- processing "PHON ACQ BEH"
-- processing "SLP MEDICAL"
-- processing "ADV AUDIOMET"
-- processing "CLIN PERSPEC"
-- processing "ADV CLIN PR"
-- processing "ACQ CNS DIS"
-- processing "HEARING AIDS"
-- processing "SLP&A INTERN"
-- processing "CLINIC SERV"
-- processing "OFF-CAM CLIN"
-- processing "ADV LANG DEV"
-- processing "[T] DISABIL SOC"
-- processing "END PR ASMNT"
-- processing "AURAL  REHAB"
-- processing "LAN LRNG DIS"
-- processing "SPE SCIENCE"
-- processing "PHYS SPE MEC"
-- processing "HRING & DIS"
-- processing "SPE LAN CHLD"
-- processing "[S] PERS DISABIL"
-- processing "INT SLP &AUD"
-- processing "ASL I"
-- processing "TCH DIS STU"
-- processing "PRAC SP ED"
-- processing "METH ED SUPP"
-- processing "EARLY CHLDHD"
-- processing "ADV INSTR PR"
-- processing "INST PRAC"
-- processing "SEM S A LIT"
-- processing "SEM GOLD AGE"
-- processing "HIST LIT&CUL"
-- processing "SEM LANG LIT"
-- processing "[M] COMPOSITION"
-- processing "AD GNS CLASS"
-- processing "SOIL FERT MG"
-- processing "COMPOSTING"
-- processing "[M] PEDOLOGY"
-- processing "SOIL PHYSICS"
-- processing "[I] WRLD AG SYST"
-- processing "[M] LAND USE MGT"
-- processing "[B] SOIL LIV SYS"
-- processing "SOC PROFESSN"
-- processing "SEM CRI DELQ"
-- processing "ENVIRON SOC"
-- processing "ADV METHOD"
-- processing "DEV SOC TH"
-- processing "[M] SR CAPSTONE"
-- processing "[S] SOC & TECH"
-- processing "QUAN SOC II"
-- processing "[M] DEV SOC TH"
-- processing "[S] SOC OF GENDR"
-- processing "SOC OF FILM"
-- processing "[S] JUVENILE DEL"
-- processing "CRIMINOLOGY"
-- processing "[S] DEV THEORY"
-- processing "SOC OF AGING"
-- processing "EMOTIONS"
-- processing "[S] SOC OF FAM"
-- processing "[S] SOC OF SPORT"
-- processing "[S] POP RES FUTR"
-- processing "QUAN SOC I"
-- processing "INT SOC RES"
-- processing "PRIN ADVERT"
-- processing "[S] SOC HONORS"
-- processing "[S] CON SOC PROB"
-- processing "[M] SOC CASEWORK"
-- processing "[M] SW FIELD EXP"
-- processing "[M] COMM ORG"
-- processing "WEL HST&POL"
-- processing "PROT BIOTECH"
-- processing "TOP SCAND ST"
-- processing "1ST SEM DAN"
-- processing "[H] RUS FILM"
-- processing "SPEAKING PRO"
-- processing "PHYS BIOCHEM"
-- processing "BIOL MEMBRAN"
-- processing "SP TOPIC"
-- processing "PRAC RLS RES"
-- processing "PR THERA REC"
-- processing "PRAC PKS FAC"
-- processing "PRAC MUN AG"
-- processing "PRAC COM REC"
-- processing "R E ADMIN"
-- processing "P R INTERN"
-- processing "P R SEMINAR"
-- processing "[M] PR TEC MEDIA"
-- processing "PRIN PUB REL"
-- processing "CLIN INTERN"
-- processing "EXP ANYL BEH"
-- processing "PRENATAL-8"
-- processing "HOSP SER MGT"
-- processing "COOP INTERN"
-- processing "OPR ANALYSIS"
-- processing "[M] MKT STRATEGY"
-- processing "ADV CATERING"
-- processing "HUMAN OSTEOL"
-- processing "[M] HOSP MGMT"
-- processing "FD SERV SYST"
-- processing "BEVERAGE MGT"
-- processing "INDUSTRY EXP"
-- processing "LODGING SYST"
-- processing "HUMAN EVOL"
-- processing "FUND COOKING"
-- processing "INTR IND EXP"
-- processing "INTRODUCTION"
-- processing "CUL/INTL BUS"
-- processing "POST HARVEST"
-- processing "GRAD SEMINAR"
-- processing "[K] SELF CULTURE"
-- processing "POTATO SCI"
-- processing "ORN PL PRD I"
-- processing "[M] POST HARVEST"
-- processing "PRO WORK EXP"
-- processing "HORT PROF"
-- processing "[S] SPE THT CULT"
-- processing "INT PLSC LAB"
-- processing "INT PLANTSC"
-- processing "LANDSCP MGT"
-- processing "OLERICUL LAB"
-- processing "OLERICULTURE"
-- processing "[K] AMER PRE-COL"
-- processing "CONT ENVIR"
-- processing "[K] PEOPLES N AM"
-- processing "HISTORIOGR"
-- processing "LAT AM FIELD"
-- processing "PUBLIC HIST"
-- processing "SEM AM HIST"
-- processing "AM FIELD CO"
-- processing "HIST GEOGRPH"
-- processing "[T] WORLD TRADE"
-- processing "[T] GANDH/IND/US"
-- processing "NAZI GERMANY"
-- processing "[H] RENAISSANCE"
-- processing "EAR MID AGES"
-- processing "CUBA & CARIB"
-- processing "[M] PUBLIC HIST"
-- processing "[S] NAT AM WOMEN"
-- processing "AMER WEST"
-- processing "US 1914-1941"
-- processing "JEFF/JACK AM"
-- processing "[M] EARLY AMER"
-- processing "AM DIP HIST"
-- processing "[S] AMER ENVIRON"
-- processing "WWII/PACIFIC"
-- processing "[S] SCI IN WEST"
-- processing "[G] CHINESE CIV"
-- processing "HIST IRELAND"
-- processing "[K] CULT ECOLOGY"
-- processing "[H] ENGL TO 1485"
-- processing "[H] ANC GREECE"
-- processing "[H] CULTURE 1930"
-- processing "[S] AMERICAN AG"
-- processing "[K] INTRO E ASIA"
-- processing "[I] MIDDLE EAST"
-- processing "[K] LATIN AM COL"
-- processing "[K] CHLDHD/CULTR"
-- processing "[S] PEOPLE OF US"
-- processing "[B] INT PHY ANTH"
-- processing "H CARE FINAN"
-- processing "INTR ARCHEOL"
-- processing "FIRST AID"
-- processing "[M] INTRO LIT"
-- processing "COMPOSITION"
-- processing "INTERMEDIATE"
-- processing "SECOND SEM"
-- processing "[S] GEND IN AMER"
-- processing "AD TOP GEOME"
-- processing "RADISOGEOCHR"
-- processing "[K] PEOP OF WRLD"
-- processing "SEM REM SENS"
-- processing "ADV REM SENS"
-- processing "AD TOP EC G"
-- processing "ISOTOPE HYDR"
-- processing "VOLCANOLOGY"
-- processing "ADV MIN"
-- processing "GEOMECHANICS"
-- processing "STRUCT ANLY"
-- processing "[G] ART & SOC"
-- processing "CARB DEP SYS"
-- processing "PALEOECOLOGY"
-- processing "RAISOGEOCHR"
-- processing "INTR EC GEOL"
-- processing "[S] ANTH HONORS"
-- processing "PEDOLOGY"
-- processing "GEOSTATISTIC"
-- processing "GEOL ENGR"
-- processing "OPTIC MIN"
-- processing "[M] MIN & CRYSTL"
-- processing "IG/MET ROCKS"
-- processing "[M] ACCT SYSTEMS"
-- processing "SED PETROL"
-- processing "[P] EVOL & EARTH"
-- processing "GEOL NATL PK"
-- processing "[Q] GEOL DEBATES"
-- processing "FND ONCOLOGY"
-- processing "MOLEC BIO I"
-- processing "EU MOL GENET"
-- processing "HUMAN GENET"
-- processing "PLNT BIOTECH"
-- processing "GEN GENET"
-- processing "RESEARCH HUM"
-- processing "INFO RES GEN"
-- processing "INFO RES SCI"
-- processing "INFO RES BUS"
-- processing "INFO RES ED"
-- processing "BIOTECH"
-- processing "COST ACCT"
-- processing "SEM AN PHYS"
-- processing "SCI LIT"
-- processing "SEM A S"
-- processing "[M] BIOTECH"
-- processing "DA CATTLE PR"
-- processing "ADV TOPICS"
-- processing "PRACTICUM"
-- processing "AI & PREG"
-- processing "SEM LANG/LIT"
-- processing "[I] CIVIL&FRANCO"
-- processing "ENDO PHYSIOL"
-- processing "FIRST SEM"
-- processing "SEM METHOD"
-- processing "FOR L METHDS"
-- processing "FOOD PRT&ENZ"
-- processing "[M] PHYSIOL ANIM"
-- processing "ADV HUM NUTR"
-- processing "TOPICS MEAT"
-- processing "CL EXPER FDS"
-- processing "MGT FD SYS 2"
-- processing "SUPR PRACTIV"
-- processing "SUPR PRCTIII"
-- processing "[M] FD CHEM LAB"
-- processing "FOOD CHEM"
-- processing "AD MED NTRN"
-- processing "TOPICS NUTR"
-- processing "NUTR ED"
-- processing "EAT DISORDER"
-- processing "[M] NONRUM NUTR"
-- processing "MGT FD SYS I"
-- processing "FD LAW QUAL"
-- processing "NUTR LIFE CY"
-- processing "[M] PHYSIOL NUTR"
-- processing "FIT&SPT NUTN"
-- processing "[M] FOOD PROCESS"
-- processing "FOOD PREP"
-- processing "PREV EO PBS"
-- processing "CONT ISSUES"
-- processing "SR EXHIBIT"
-- processing "ADV PHOTO"
-- processing "ADV SCULPTUR"
-- processing "ADV CERAMICS"
-- processing "REPROD LAB"
-- processing "MULTIMED/WEB"
-- processing "DIGITL PRINT"
-- processing "INTER PHOTO"
-- processing "PHOTOGRAPHY"
-- processing "INTRO PHOTO"
-- processing "INTER SCULPT"
-- processing "REPRODUCTION"
-- processing "INTRO TO TAX"
-- processing "SCULPTURE"
-- processing "INTER CERAMC"
-- processing "CERAMICS"
-- processing "MUSCLE PHYSI"
-- processing "[H] INTRO TO LIT"
-- processing "[H] CUL POLITICS"
-- processing "[W] COMP FOR ESL"
-- processing "INT GRAM ESL"
-- processing "WEST CULTURE"
-- processing "INT ACCT I"
-- processing "ALC COUNSEL"
-- processing "SP TOP EM"
-- processing "SPEC PROJ EM"
-- processing "MICROTECH"
-- processing "HELP SKILLS"
-- processing "ADV SIG PROC"
-- processing "CPT COM NETW"
-- processing "SIGNAL THEOR"
-- processing "POW SYS ANLY"
-- processing "AD EL TH I"
-- processing "OPTELECTRON1"
-- processing "RANDOM PROC"
-- processing "MODRN OPTICS"
-- processing "SP TOPICS"
-- processing "LIN SYS TH"
-- processing "INT SEMI DEV"
-- processing "PRT PWRSYS I"
-- processing "PWR SYS PERF"
-- processing "INTR CON SYS"
-- processing "POWER ELECTR"
-- processing "PROB ALC ADD"
-- processing "[M] AN INT CK L"
-- processing "ANLY INT CKT"
-- processing "POWER LAB II"
-- processing "DIG SIG PROC"
-- processing "VLSI SYST I"
-- processing "RF ENGINEER"
-- processing "[M] E E DESIGN"
-- processing "DSN PROJ MGT"
-- processing "PROF PRACTIC"
-- processing "[M] POWER LAB I"
-- processing "ELEC PWR SYS"
-- processing "E E LAB I"
-- processing "DIST PAR SYS"
-- processing "SIG AND SYS"
-- processing "FLDS & WAVES"
-- processing "FUND DIG SYS"
-- processing "CIRCUITS II"
-- processing "MICROPR SYST"
-- processing "ELECTRONICS"
-- processing "INTR MICROPR"
-- processing "NAT RES SCAR"
-- processing "TH INST DEV"
-- processing "ADV PUB FIN"
-- processing "EL PW SYS AG"
-- processing "MATH MODELS"
-- processing "MICRO EC TH"
-- processing "MACRO ANLYS"
-- processing "ECON DEVELOP"
-- processing "INTERL TRADE"
-- processing "COLL BARGAIN"
-- processing "COMP EC SYS"
-- processing "HIST EC THOT"
-- processing "AG MACH SYST"
-- processing "IR SY&WT MGT"
-- processing "ECONOMETRICS"
-- processing "MONEY/BANK"
-- processing "ECN OF SPORT"
-- processing "MACRO EC AN"
-- processing "SOC FND EDUC"
-- processing "IMPROV INSTR"
-- processing "INSTR LDRSHP"
-- processing "EDUC TECHNOL"
-- processing "INT QUAL RES"
-- processing "ISS IN SPORT"
-- processing "ST DEV THRY"
-- processing "MAST PRAC SA"
-- processing "LEAD CHANGE"
-- processing "LAW PHYS ED"
-- processing "ADMIN H ED"
-- processing "POLITICS-EDU"
-- processing "LDR DEV SEM"
-- processing "INTERNSHIP"
-- processing "RES METH I"
-- processing "SEMINAR"
-- processing "PRAC COL IN"
-- processing "AGRIC WASTE"
-- processing "CIRCUITS I"
-- processing "CIRCUITS LAB"
-- processing "INTR EL CKTS"
-- processing "COLLOQUIUM"
-- processing "AM ST READ I"
-- processing "[H] RDG ENGL LIT"
-- processing "INTRO CR WR"
-- processing "ENGL GRAMMAR"
-- processing "CPTR IN ENGL"
-- processing "SEM AMER ST"
-- processing "INTRO A S"
-- processing "[W] WRTG ABT LIT"
-- processing "[H] WOMEN WRITER"
-- processing "[G] AS AMER LIT"
-- processing "APPROACHES"
-- processing "[H] BIBLE AS LIT"
-- processing "[M] IRISH LIT"
-- processing "CR WR PROSE"
-- processing "MAG EDITING"
-- processing "[H] AMER NOVEL"
-- processing "AM LIT/1855"
-- processing "AM LIT/1916"
-- processing "CHAUCER/MDVL"
-- processing "LIT 16TH CEN"
-- processing "MOD BRIT LIT"
-- processing "[H] WOMEN/AM WST"
-- processing "[H] TRAG/COMEDY"
-- processing "[H] 20C NOVEL"
-- processing "SOCIOLINGUIS"
-- processing "[M] AMER WOMEN F"
-- processing "ESL WRITING"
-- processing "METH OF COMP"
-- processing "INTR GRAD ST"
-- processing "CONTEMP RHET"
-- processing "LIT 18 CENT"
-- processing "19C AMER LIT"
-- processing "ADMIN WR LAB"
-- processing "SEM AMER LIT"
-- processing "SEM MED LIT"
-- processing "TP/COMP&RHET"
-- processing "[B] INSECT & PEO"
-- processing "[M] GEN ENTOM"
-- processing "HORSE MGT LB"
-- processing "RESIST MECH"
-- processing "SP PROBLEMS"
-- processing "POPUL ANALYS"
-- processing "PRIN POP DYN"
-- processing "INTEGRATE BC"
-- processing "DAIRY MGT LB"
-- processing "ELECT COMM"
-- processing "ENTREPR MGT"
-- processing "[M] ENTREPRENEUR"
-- processing "SM BUS POL"
-- processing "BEEF COW MGT"
-- processing "[B] ENV HUM LIFE"
-- processing "ORIENTATION"
-- processing "[Q] NAT SCI/ENVT"
-- processing "INTRO AS-HON"
-- processing "INTRO METEOR"
-- processing "ENVIR SYS"
-- processing "PLANT RES I"
-- processing "NAT RES ECON"
-- processing "INT ACCT II"
-- processing "APP AN NUTR"
-- processing "[M] ENV POLICY"
-- processing "[M] ECOSYSTEM"
-- processing "LIMNOLOGY"
-- processing "RES ENV CONF"
-- processing "AIR GEOMORPH"
-- processing "ANIM WELFARE"
-- processing "METEOROLOGY"
-- processing "SR SEMINAR"
-- processing "ENV PLANNING"
-- processing "SEMINR ES/RP"
-- processing "FEEDS"
-- processing "FITNESS"
-- processing "INTR EX PHYS"
-- processing "PHYS OF EXER"
-- processing "[M] EX SC LB TC"
-- processing "RE FINANCE"
-- processing "FINAN INST"
-- processing "[M] ADV FIN MGT"
-- processing "[M] INV SEC ANLY"
-- processing "INTRNATL FIN"
-- processing "INTER RATES"
-- processing "PROB FIN MGT"
-- processing "INVEST ANLY"
-- processing "ART I"
-- processing "DRAWING"
-- processing "FIG DRAW"
-- processing "[H] WRLD ART HIS"
-- processing "[G] ART ASIA"
-- processing "[H] WOMEN ART I"
-- processing "ADV DRAWING"
-- processing "ADULT-OLDER"
-- processing "[C] HUMN REL COM"
-- processing "ACCT PUB ORG"
-- processing "[M] PAR-CHLD REL"
-- processing "RESOURCE MGT"
-- processing "GUID E CHILD"
-- processing "CUR EARLY CH"
-- processing "[T] FAM POVERTY"
-- processing "DIR TEACHING"
-- processing "[M] PUB POL ISS"
-- processing "EARLY CH SEM"
-- processing "PROGRAM PLAN"
-- processing "FIELD PLACEM"
-- processing "PRO SEMINAR"
-- processing "THEOR&SUB I"
-- processing "[H] RSN ROM REV"
-- processing "PROPRTY&LIAB"
-- processing "[M] PURE RSK MGT"
-- processing "FND CLT ANTH"
-- processing "INT PEST MGT"
-- processing "P MGT INTERN"
-- processing "MAJOR CAR CH"
-- processing "MCNAIR PREP"
-- processing "LITHIC TECH"
-- processing "DSN ISSUES"
-- processing "ENV DES&COM"
-- processing "PERCEP COM I"
-- processing "VISUAL COMM"
-- processing "[M] HIST DSN II"
-- processing "PLAN&DES I"
-- processing "INTER PROGRM"
-- processing "INT BUILDING"
-- processing "CPT APP I D"
-- processing "CUL RES MGT"
-- processing "STUDIO I"
-- processing "ADV DSN TH"
-- processing "FOR STUDY"
-- processing "INTL BUS LAW"
-- processing "QUANT ANTH"
-- processing "INTL TOURISM"
-- processing "COMP INT MGT"
-- processing "[M] INTRNATL MKT"
-- processing "[M] AUDITING"
-- processing "INTL BUS MGT"
-- processing "RES&THRY DEV"
-- processing "DOCT TOPICS"
-- processing "PRHST NW CST"
-- processing "NEWS EDITING"
-- processing "SEM JOUR"
-- processing "ADV EX PH I"
-- processing "FIELD METHOD"
-- processing "TREND PHYS"
-- processing "LA CONST II"
-- processing "SR CRT PROJI"
-- processing "PHIL & TH LA"
-- processing "N R MT LANDS"
-- processing "INTRO BUS"
-- processing "STAFFING"
-- processing "[M] MACRO ORG"
-- processing "SED GEOARCH"
-- processing "STRAT&ORG DS"
-- processing "MGR LEAD&PRD"
-- processing "PH D TOPICS"
-- processing "PHD TOPICS"
-- processing "RES & PR DEV"
-- processing "BASIC"
-- processing "NETOPESSENT"
-- processing "IMP WIN 2000"
-- processing "IMP NET INFR"
-- processing "UPDATE WIN2K"
-- processing "MS FRONTPAGE"
-- processing "ORACLE OPER"
-- processing "MAN INF TECH"
-- processing "PUBLISHING"
-- processing "INETBUSPROGM"
-- processing "MGT INFO SYS"
-- processing "TELECOM&NETW"
-- processing "EMERGETECH I"
-- processing "[M] SYS ANLYS DS"
-- processing "DATABASE MGT"
-- processing "INF SYST MGT"
-- processing "CONS BEHAV"
-- processing "MKTG RES"
-- processing "[M] PRODUCT MGMT"
-- processing "RETAIL MGT"
-- processing "PROMOT MGT"
-- processing "INTRNATL MKT"
-- processing "MKTG MGT"
-- processing "MKTG ADM POL"
-- processing "CONS BEH TH"
-- processing "[T] MATERIALS"
-- processing "[H] ARCH HIST I"
-- processing "ACCT THEORY"
-- processing "DESIGN III"
-- processing "MFG PROC LAB"
-- processing "NUMER MODEL"
-- processing "MED PRECEPT"
-- processing "HISTOLOGY"
-- processing "ANAT TRUNK"
-- processing "M CELL PHYS"
-- processing "CLIN MED I"
-- processing "MOL CELL BIO"
-- processing "SYS HUM BH I"
-- processing "CLIN MED II"
-- processing "MED IMMUNOL"
-- processing "SYS HUM BHII"
-- processing "[B] INTRO MICROB"
-- processing "INTRO MICRO"
-- processing "INTR MIC LAB"
-- processing "GEN MIROBIOL"
-- processing "STRUCTURES I"
-- processing "IMMUNOLOGY"
-- processing "[M] IMMUNOL LAB"
-- processing "MICROB PHYS"
-- processing "TECH MOL BIO"
-- processing "STRUCT LAB I"
-- processing "OVERV ARMY"
-- processing "ADM CONTROL"
-- processing "INTRO LDRSHP"
-- processing "APP LDR MGT"
-- processing "ADV LDRSHP"
-- processing "HUM MOTR DEV"
-- processing "BEHAV ASPECT"
-- processing "[M] MTR SKLL ACQ"
-- processing "AN HUM MOVMT"
-- processing "FUNDAMNTL I"
-- processing "[H] MUS STYLE/CM"
-- processing "[H] SUR MUS LIT"
-- processing "[G] WORLD MUSIC"
-- processing "INTER HORN"
-- processing "INTR TRUMPET"
-- processing "INTER TROMB"
-- processing "INTER BARIT"
-- processing "INTER TUBA"
-- processing "INTER PERC"
-- processing "INTER VIOLIN"
-- processing "INTER VIOLA"
-- processing "INTER CELLO"
-- processing "INTER BASS"
-- processing "INTER FLUTE"
-- processing "INTER OBOE"
-- processing "INTER CLAR"
-- processing "INTER SAX"
-- processing "THEORY I"
-- processing "SEM COMP"
-- processing "JAZZ THEORY"
-- processing "ROCK MUSIC"
-- processing "[G] NA MUS N AM"
-- processing "HORN"
-- processing "TRUMPET"
-- processing "TROMBONE"
-- processing "BARITONE"
-- processing "TUBA"
-- processing "PERCUSSION"
-- processing "VIOLIN"
-- processing "VIOLA"
-- processing "CELLO"
-- processing "BASS"
-- processing "FLUTE"
-- processing "ACOUSTICS I"
-- processing "OBOE"
-- processing "CLARINET"
-- processing "SAXOPHONE"
-- processing "[M] HIST MUS I"
-- processing "MUS FOR TCHR"
-- processing "TAX CORPS"
-- processing "STRUCTUR III"
-- processing "OPERA WKSHP"
-- processing "CC QUARTET"
-- processing "CC SHOWCHOIR"
-- processing "CONCRT CHOIR"
-- processing "UNIV SINGERS"
-- processing "VOCAL ENSEMB"
-- processing "SYMPHON ORCH"
-- processing "CHAMBER ENS"
-- processing "SYMPHON BAND"
-- processing "WIND SYMPH"
-- processing "JAZZ LAB"
-- processing "VOC JAZZ ENS"
-- processing "JAZZ COMBOS"
-- processing "MCH/VAR BAND"
-- processing "ELEC MUSIC"
-- processing "SEM INSTRUM"
-- processing "SEM ADV COMP"
-- processing "ADV JAZZ IMP"
-- processing "INSTR CONDCT"
-- processing "CHORAL M&M I"
-- processing "VOCAL PED"
-- processing "DIR ST TEACH"
-- processing "DESIGN SEM"
-- processing "GRAD HORN"
-- processing "GRAD TRUMPET"
-- processing "GRAD TROMB"
-- processing "GRAD BARIT"
-- processing "GRAD TUBA"
-- processing "GRAD PERC"
-- processing "GRAD VIOLIN"
-- processing "GRAD VIOLA"
-- processing "GRAD CELLO"
-- processing "GRAD BASS"
-- processing "GRAD FLUTE"
-- processing "GRAD OBOE"
-- processing "GRAD CLAR"
-- processing "GRAD SAX"
-- processing "G SEM A COMP"
-- processing "INT GR STUDY"
-- processing "SEM LIT 20C"
-- processing "INTRO NRM I"
-- processing "MEAS&COMPTRS"
-- processing "INT WLF MGT"
-- processing "ECOLOGY"
-- processing "PLANNING SEM"
-- processing "SILVICULTURE"
-- processing "NAT RES&SOC"
-- processing "TIMBER HARV"
-- processing "WOOD STR PR"
-- processing "PRIN RG MGT"
-- processing "RNG/RPRN HBT"
-- processing "TX RES&ES PL"
-- processing "ENV INT METH"
-- processing "RES REC&TOUR"
-- processing "PRN FISH MGT"
-- processing "GROWTH YIELD"
-- processing "WILDLANDFIRE"
-- processing "WLDLF ECOL"
-- processing "[M] CONSERV BIOL"
-- processing "CONSERV BIOL"
-- processing "DRILL/LAB"
-- processing "INTRO N S"
-- processing "SHIP SYST II"
-- processing "NAVIGATION"
-- processing "NAV ORG MGMT"
-- processing "TEAM BLDING"
-- processing "HIST&TH ARCH"
-- processing "BSC LDRSHIP"
-- processing "INT LDRSHIP"
-- processing "ADV LDRSHIP"
-- processing "EXPLOR BRAIN"
-- processing "[M] PRIN NEUROPH"
-- processing "NEUROBIOLOGY"
-- processing "ADV ARCH LAB"
-- processing "FUNC NEUROSC"
-- processing "DM&EX AN BEH"
-- processing "NEUROSC LAB"
-- processing "EXPER DESIGN"
-- processing "PHYSIO PSYCH"
-- processing "SEM NUTR"
-- processing "NUTR METAB"
-- processing "PHAR CALC"
-- processing "PHAR LAB I"
-- processing "[$] PHARMACEU I"
-- processing "[@] PHARMACE III"
-- processing "[@] BIOTECH"
-- processing "[@] PBT I"
-- processing "[@] PBT III"
-- processing "FIN&MGR ACCT"
-- processing "PERSPECT P/T"
-- processing "DRUGS IN SOC"
-- processing "PR HLTH ADVO"
-- processing "PHAR PRAC"
-- processing "PR HLT LABII"
-- processing "[@] PHYS ASSMENT"
-- processing "[@] AD THERP I"
-- processing "[@] CLN PHARMACO"
-- processing "[@] DRUG INFO"
-- processing "[@] PCL II"
-- processing "[@] PCL IV"
-- processing "[$] PHAR MGMT"
-- processing "[H] PHIL HONORS"
-- processing "[H] PHIL OF REL"
-- processing "[G] CHINA JAPAN"
-- processing "[H] ANC & MEDIEV"
-- processing "[H] MODERN PHIL"
-- processing "[M] SEM METAPHYS"
-- processing "[H] PHIL OF SCI"
-- processing "BUS ETHICS"
-- processing "[H] BIO ETHICS"
-- processing "[H] ENVIR ETHICS"
-- processing "[M] WOMEN ETHICS"
-- processing "NIETZSCHE"
-- processing "PHIL LANG"
-- processing "[T] E/W PHL ARCH"
-- processing "[M] PHIL OF MIND"
-- processing "ACC RES METH"
-- processing "ATH INJURIES"
-- processing "PH S HONORS"
-- processing "[Q] PHYS & WORLD"
-- processing "[P] CLASS PHYS"
-- processing "HS PRACT"
-- processing "SPTMED PRACT"
-- processing "[P] PHYS HON II"
-- processing "MODERN PHYS"
-- processing "MECHANICS"
-- processing "ELEC & MAG"
-- processing "OPTICS"
-- processing "QUANT MECH"
-- processing "CLASS MECH I"
-- processing "STAT MECH"
-- processing "ELECTROM TH"
-- processing "QUANT THE I"
-- processing "QUANT TH III"
-- processing "SEM SOLID ST"
-- processing "GEN MYCOLOGY"
-- processing "GEN PLT PATH"
-- processing "ATH TRN EVAL"
-- processing "INST PRACTIC"
-- processing "[S] AM NATL GOVT"
-- processing "ATH TR INT I"
-- processing "[S] POL S HONORS"
-- processing "[S] MARXIST THOT"
-- processing "CH/LAT POL"
-- processing "CIVIL LIBER"
-- processing "ELECTORATE"
-- processing "ATH TR INT 2"
-- processing "[M] NATL SEC POL"
-- processing "[T] INT POL PSY"
-- processing "LEGISL PROC"
-- processing "[M] POST-IND NTN"
-- processing "SCOPE POL S"
-- processing "SEM AM INSTS"
-- processing "ATH TR INT 3"
-- processing "SEM I R THRY"
-- processing "INT SECURITY"
-- processing "COM POLITICS"
-- processing "POL S PROFES"
-- processing "PUB ADMIN"
-- processing "INT BIOCHEM"
-- processing "DAILY LIVING"
-- processing "PSYCH STRESS"
-- processing "HUMAN SEX"
-- processing "[M] BIOCHEM LAB"
-- processing "[M] EXPER METH"
-- processing "[S] PSYCH WOMEN"
-- processing "ABNORMAL PSY"
-- processing "[S] PRIN DEVELOP"
-- processing "[B] INTRO PHYSIO"
-- processing "OPER BEHAV"
-- processing "[S] HUMAN VALUES"
-- processing "COG & MEM"
-- processing "HIST PSYCH"
-- processing "TCHG INTRO"
-- processing "VAR&EXP DESN"
-- processing "GEN BIOCHEM"
-- processing "APPL BEH RES"
-- processing "PSYPATH"
-- processing "CLINIC ASMNT"
-- processing "PSYCH CHILD"
-- processing "INTELL ASSES"
-- processing "CLINIC ADULT"
-- processing "MED PSY PRAC"
-- processing "BEH MED PRAC"
-- processing "GROUP & INTE"
-- processing "DIVER ISSUES"
-- processing "BEHAV PHARM"
rwr: elapsed time = 979.5175
---------------------------------------------------------------
