
                            < M A T L A B (R) >
                  Copyright 1984-2014 The MathWorks, Inc.
                    R2014a (8.3.0.532) 64-bit (glnxa64)
                             February 11, 2014


	This is a Classroom License for instructional use only.
	Research and commercial use is prohibited.
 
To get started, type one of these: helpwin, helpdesk, or demo.
For product information, visit www.mathworks.com.
 
[Warning: Directory already exists.] 
[> In main_mas_sample_yods_pathsim at 5] 
nodesReader : read /srv/data/projects/apps/RepIndep_CIDR/dblp/data/mas/paper.txt
nodesReader : read /srv/data/projects/apps/RepIndep_CIDR/dblp/data/mas/conf.txt
edgesReader : read /srv/data/projects/apps/RepIndep_CIDR/dblp/data/mas/paper_paper.txt
edgesReader : read /srv/data/projects/apps/RepIndep_CIDR/dblp/data/mas/paper_conf.txt
There are 0 isolated nodes in G.
Data size is |V|=11 |E|=40
>> running PathSim
-- processing "c1"
-- processing "c2"
-- processing "c3"
-- processing "c4"
-- processing "c5"
pathsim: elapsed time = 0.1105
---------------------------------------------------------------
