
                            < M A T L A B (R) >
                  Copyright 1984-2014 The MathWorks, Inc.
                    R2014a (8.3.0.532) 64-bit (glnxa64)
                             February 11, 2014


	This is a Classroom License for instructional use only.
	Research and commercial use is prohibited.
 
To get started, type one of these: helpwin, helpdesk, or demo.
For product information, visit www.mathworks.com.
 
[Warning: Directory already exists.] 
[> In udb_mas_citation_target_sr at 6] 
nodesReader : read /srv/data/projects/apps/RepIndep_CIDR/udb_citation/paper.txt
nodesReader : read /srv/data/projects/apps/RepIndep_CIDR/udb_citation/citation.txt
edgesReader : read /srv/data/projects/apps/RepIndep_CIDR/udb_citation/paper_citation.txt
There are 100 isolated nodes in G.
Data size is |V|=4203 |E|=13632
>>> calculating SimRank <<<
SR iter = 1 : time=185.9
SR iter = 6 : time=189.22
SR iter = 11 : time=193.82
SR iter = 16 : time=198.44
SR iter = 21 : time=203.02
SR iter = 26 : time=207.61
SR iter = 31 : time=212.23
SR iter = 36 : time=216.81
SR iter = 41 : time=221.52
SR iter = 46 : time=226.08
SR iter = 51 : time=230.71
SR iter = 56 : time=235.27
SR iter = 61 : time=239.88
SR iter = 66 : time=244.46
SR iter = 71 : time=249.12
SR iter = 76 : time=253.67
SR iter = 81 : time=258.29
SR iter = 86 : time=262.84
SR iter = 91 : time=267.44
SR iter = 96 : time=272.04
-- processing "RQL: a declarative query language for RDF"
-- processing "DAML-S: Semantic Markup For Web Services"
-- processing "Learning to map between ontologies on the semantic web"
-- processing "Schema Mediation in Peer Data Management Systems"
-- processing "Trust Management for the Semantic Web"
-- processing "Composing Web services on the Semantic Web"
-- processing "Learning to match ontologies on the Semantic Web"
-- processing "Ontology Evolution: Not the Same as Schema Evolution"
-- processing "DAML-S: Web Service Description for the Semantic Web"
-- processing "Piazza: data management infrastructure for semantic web applications"
-- processing "The Lorel Query Language for Semistructured Data"
-- processing "Foundations of Databases"
-- processing "Data on the Web: From Relations to Semistructured Data and XML"
-- processing "extensible markup language (xml) 1"
-- processing "Telos: representing knowledge about information systems"
-- processing "A Query Language for XML"
-- processing "XML-QL: A Query Language for XML"
-- processing "From Structured Documents to Novel Query Facilities"
-- processing "Quilt: An XML Query Language for Heterogeneous Data Sources"
-- processing "Your Mediators Need Data Conversion!"
-- processing "Querying Object-Oriented Databases"
-- processing "The Object Database Standard: ODMG 2.0"
-- processing "Xml schema part 2: datatypes"
-- processing "KQML as an agent communication language"
-- processing "Semantic e-Workflow Composition"
-- processing "Quality of service for workflows and web service processes"
-- processing "Dynamic service matchmaking among agents in open information environments"
-- processing "Generic Schema Matching with Cupid"
-- processing "An Information-Theoretic Definition of Similarity"
-- processing "Ontology Learning for the Semantic Web"
-- processing "PROMPT: Algorithm and Tool for Automated Ontology Merging and Alignment"
-- processing "Reconciling Schemas of Disparate Data Sources: A Machine-Learning Approach"
-- processing "Enhanced hypertext categorization using hyperlinks"
-- processing "The PROMPT suite: interactive tools for ontology merging and mapping"
-- processing "Semantic integration: a survey of ontology-based approaches"
-- processing "Ontology Mapping: The State of the Art"
-- processing "Ontology mapping: the state of the art"
-- processing "Ontologies - a silver bullet for knowledge management and electronic commerce"
-- processing "Using Schema Matching to Simplify Heterogeneous Data Translation"
-- processing "A survey of approaches to automatic schema matching"
-- processing "Querying Heterogeneous Information Sources Using Source Descriptions"
-- processing "Answering queries using views: A survey"
-- processing "Optimizing Queries Across Diverse Data Sources"
-- processing "Interoperability of multiple autonomous databases"
-- processing "Querying the Internet with PIER"
-- processing "DBpedia: A Nucleus for a Web of Open Data"
-- processing "Complexity of answering queries using materialized views"
-- processing "Data Management for Peer-to-Peer Computing : A Vision"
-- processing "Query Caching and Optimization in Distributed Mediator Systems"
-- processing "Answering XML Queries over Heterogeneous Data Sources"
-- processing "Answering recursive queries using views"
-- processing "Semantic Matching of Web Services Capabilities"
-- processing "A Survey of Automated Web Service Composition Methods"
-- processing "Adaptive and Dynamic Service Composition in eFlow"
-- processing "Declarative Composition and Peer-to-Peer Provisioning of Dynamic Web Services"
-- processing "Similarity Flooding: A Versatile Graph Matching Algorithm and Its Application to Schema Matching"
-- processing "COMA - A System for Flexible Combination of Schema Matching Approaches"
-- processing "Schema Mapping as Query Discovery"
-- processing "Translating Web Data"
-- processing "A Survey of Schema-Based Matching Approaches"
-- processing "Federated database systems for managing distributed, heterogeneous, and autonomous databases"
-- processing "A comparative analysis of methodologies for database schema integration"
-- processing "Federated Database Systems for Managing Distributed, Heterogeneous, and Autonomous Databases"
-- processing "Automatic Composition of E-services That Export Their Behavior"
-- processing "Sesame: A Generic Architecture for Storing and Querying RDF and RDF Schema"
-- processing "EDUTELLA: a P2P networking infrastructure based on RDF"
-- processing "Consistent query answers in inconsistent databases"
-- processing "EDUTELLA: A P2P Networking Infrastructure Based on RDF"
-- processing "A Fast Index for Semistructured Data"
-- processing "Query Optimization for XML"
-- processing "Indexing and Querying XML Data for Regular Path Expressions"
-- processing "On Supporting Containment Queries in Relational Database Management Systems"
-- processing "Relational Databases for Querying XML Documents: Limitations and Opportunities"
-- processing "From Semistructured Data to XML: Migrating the Lore Data Model and Query Language"
-- processing "XWRAP: An XML-Enabled Wrapper Construction System for Web Information Sources"
-- processing "Storing Semistructured Data with STORED"
-- processing "Extracting Semistructured Information from the Web"
-- processing "Lore: a database management system for semistructured data"
-- processing "Wrapper generation for semi-structured Internet sources"
-- processing "Database techniques for the World-Wide Web: a survey"
-- processing "DataGuides: Enabling Query Formulation and Optimization in Semistructured Databases"
-- processing "Semistructured data"
-- processing "Why and Where: A Characterization of Data Provenance"
-- processing "Index Structures for Path Expressions"
-- processing "Data integration: a theoretical perspective"
-- processing "Efficient Filtering of XML Documents for Selective Dissemination of Information"
-- processing "Query evaluation techniques for large databases"
-- processing "W3QS: A Query System for the World-Wide Web"
-- processing "Mediators in the Architecture of Future Information Systems"
-- processing "Negation as Failure"
-- processing "Access path selection in a relational database management system"
-- processing "Concurrency Control and Recovery in Database Systems"
-- processing "Principles of Database and Knowledge-Base Systems, Volume I"
-- processing "The Theory of Relational Databases"
-- processing "The entity-relationship model---toward a unified view of data"
-- processing "DISCOVER: Keyword Search in Relational Databases"
-- processing "On the decidability of query containment under constraints"
-- processing "Updating and Querying Databases that Track Mobile Units"
-- processing "Disjunctive datalog"
-- processing "Extracting structured data from Web pages"
-- processing "ULDBs: Databases with Uncertainty and Lineage"
-- processing "Optimal implementation of conjunctive queries in relational data bases"
-- processing "Towards a Theory of Declarative Knowledge"
-- processing "Foundations of Logic Programming, 2nd Edition"
-- processing "The Design of Postgres"
-- processing "Magic Sets and Other Strange Ways to Implement Logic Programs"
-- processing "Universality of data retrieval languages"
-- processing "The functional data model and the data languages DAPLEX"
-- processing "Database description with SDM: a semantic database model"
-- processing "Relational Completeness of Data Base Sublanguages"
-- processing "Further Normalization of the Data Base Relational Model"
-- processing "Principles of Database and Knowledge-Base Systems, Volume II"
-- processing "System R: relational approach to database management"
-- processing "On the power of magic"
-- processing "Maintaining Views Incrementally"
-- processing "On Closed World Data Bases"
-- processing "Object identity"
-- processing "Principles of Database Systems, 2nd Edition"
-- processing "Logic Programming and Databases"
-- processing "A logical design methodology for relational databases using the extended entity-relationship model"
-- processing "Logic and Databases: A Deductive Approach"
-- processing "Query Optimization in Database Systems"
-- processing "Query-by-Example: A Data Base Language"
-- processing "Objects and Views"
-- processing "Dependency Structures of Data Base Relationships"
-- processing "The complexity of relational query languages (Extended Abstract)"
-- processing "Towards a Logical Reconstruction of Relational Database Theory"
-- processing "Semantic data models"
-- processing "On the Desirability of Acyclic Database Schemes"
-- processing "Computable Queries for Relational Data Bases"
-- processing "Update semantics of relational views"
-- processing "Multivalued Dependencies and a New Normal Form for Relational Databases"
-- processing "Composite Event Specification in Active Databases: Model & Implementation"
-- processing "GALILEO: a strongly-typed, interactive conceptual language"
-- processing "The Architecture Of An Active Data Base Management System"
-- processing "Operating system support for database management"
-- processing "The Theory of Database Concurrency Control"
-- processing "IFO: a formal semantic database model"
-- processing "A language facility for designing database-intensive applications"
-- processing "Remarks on the algebra of non first normal form relations"
-- processing "Types and persistence in database programming languages"
-- processing "Using Semi-Joins to Solve Relational Queries"
-- processing "Computational problems related to the design of normal form relational schemas"
-- processing "Synthesizing third normal form relations from functional dependencies"
-- processing "Ode as an Active Database: Constraints and Triggers"
-- processing "Unfounded sets and well-founded semantics for general logic programs"
-- processing "Deriving Production Rules for Constraint Maintainance"
-- processing "Visual Web Information Extraction with Lixto"
-- processing "Detecting Changes in XML Documents"
-- processing "Semantic Web"
-- processing "A brief survey of web data extraction tools"
-- processing "Efficiently Publishing Relational Data as XML Documents"
-- processing "Workflow Mining: A Survey of Issues and Approaches"
-- processing "The Entity-Relationship Model-Towards a Uni ed View of Data"
-- processing "Towards requirements-driven information systems engineering: the Tropos project"
-- processing "Temporal and Real-Time Databases: A Survey"
-- processing "The temporal query language TQuel"
-- processing "A Query Language and Optimization Techniques for Unstructured Data"
-- processing "Typechecking for XML transformers"
-- processing "XRel: a path-based approach to storage and retrieval of XML documents using relational databases"
-- processing "XIRQL: a query language for information retrieval in XML documents"
-- processing "TIMBER: A native XML database"
-- processing "NiagaraCQ: A Scalable Continuous Query System for Internet Databases"
-- processing "Holistic twig joins: optimal XML pattern matching"
-- processing "Path sharing and predicate evaluation for high-performance XML filtering"
-- processing "Structural Joins: A Primitive for Efficient XML Query Pattern Matching"
-- processing "SGML handbook"
-- processing "Adding Structure to Unstructured Data"
-- processing "Querying the World Wide Web"
-- processing "XRANK: ranked keyword search over XML documents"
-- processing "Catching the boat with Strudel: experiences with a Web Site management system"
-- processing "View Definition and Generalization for Database Integration in a Multidatabase System"
-- processing "Towards Heterogeneous Multimedia Information Systems: The Garlic Approach"
-- processing "Logical Foundations of Object-Oriented and Frame-Based Languages"
-- processing "The relational model with relation-valued attributes"
-- processing "Data Model and Query Evaluation in Global Information Systems"
-- processing "The TSIMMIS Project: Integration of Heterogeneous Information Sources"
-- processing "Object Exchange Across Heterogeneous Information Sources"
-- processing "A fine-grained access control system for XML documents"
-- processing "On Agent-Mediated Electronic Commerce"
-- processing "Formal Ontology and Information Systems"
-- processing "Ontologies: principles, methods and applications"
-- processing "A Translation Approach to Portable Ontology Specifications"
-- processing "OBSERVER: An Approach for Query Processing in Global Information Systems Based on Interoperation Across Pre-Existing Ontologies"
-- processing "OntoSeek: Content-Based Access to the Web"
-- processing "XLANG Web Services for Business Process Design"
-- processing "Semantic and Schematic Similarities Between Database Objects: A Context-Based Approach"
-- processing "The TSIMMIS Approach to Mediation: Data Models and Languages"
-- processing "Infomaster: An Information Integration System"
-- processing "Semantic integration of semistructured and structured data sources"
-- processing "Using Information Content to Evaluate Semantic Similarity in a Taxonomy"
-- processing "An Approach for Measuring Semantic Similarity between Words Using Multiple Information Sources"
-- processing "Determining Semantic Similarity among Entity Classes from Different Ontologies"
-- processing "Development and application of a metric on semantic nets"
-- processing "Verb Semantics and Lexical Selection"
-- processing "WordNet: a lexical database for English"
-- processing "Combining and relating ontologies: an analysis of problems and solutions"
-- processing "FCA-MERGE: Bottom-Up Merging of Ontologies"
-- processing "The Ontolingua Server: a tool for collaborative ontology construction"
-- processing "The Ontolin-gua Server: A Tool for Collaborative Ontology Construction"
-- processing "Simlarity Search for Web Services"
-- processing "Wrapper induction: Efficiency and expressiveness"
-- processing "An Adaptive Query Execution System for Data Integration"
-- processing "Focused Crawling: A New Approach to Topic-Specific Web Resource Discovery"
-- processing "SPRINT: A Scalable Parallel Classifier for Data Mining"
-- processing "SLIQ: A Fast Scalable Classifier for Data Mining"
-- processing "An Environment for Merging and Testing Large Ontologies"
-- processing "Resource description framework (rdf)"
-- processing "W3c resource description framework (rdf) model and syntax specification"
-- processing "Using semantic values to facilitate interoperability among heterogeneous information systems"
-- processing "Data Cleaning: Problems and Current Approaches"
-- processing "Measuring Similarity between Ontologies"
-- processing "Applying Model Management to Classical Meta Data Problems"
-- processing "Simple Fast Algorithms for the Editing Distance Between Trees and Related Problems"
-- processing "A Theory of Attribute Equivalence in Databases with Application to Schema Integration"
-- processing "Integration of Heterogeneous Databases Without Common Domains Using Queries Based on Textual Similarity"
-- processing "Evaluating Top-k Queries over Web-Accessible Databases"
-- processing "Don't Scrap It, Wrap It! A Wrapper Architecture for Legacy Data Sources"
-- processing "InfoSleuth: agent-based semantic integration of information in open and dynamic environments"
-- processing "Retrieving and Integrating Data from Multiple Information Sources"
-- processing "Optimizing Queries with Materialized Views"
-- processing "Storing and Querying XML Data using an RDBMS"
-- processing "Data Cube: A Relational Aggregation Operator Generalizing Group-by, Cross-Tab, and Sub Totals"
-- processing "Data exchange: semantics and query answering"
-- processing "Semantic Data Caching and Replacement"
-- processing "Query Reformulation for Dynamic Information Integration"
-- processing "Join indices"
-- processing "Index Selection for OLAP"
-- processing "Data Cube: A Relational Aggregation Operator Generalizing Group-By, Cross-Tab, and Sub-Totals"
-- processing "Optimal implementation of conjunctive queries in relational databases"
-- processing "Aggregate-Query Processing in Data Warehousing Environments"
-- processing "Description Logics in Data Management"
-- processing "Data on the web"
-- processing "Eddies: Continuously Adaptive Query Processing"
-- processing "An Introduction to Database Systems"
-- processing "Multiple-query optimization"
-- processing "Classifying Schematic and Data Heterogeneity in Multidatabase Systems"
-- processing "Iris: An Object-Oriented Database Management System"
-- processing "A federated architecture for information management"
-- processing "Models and issues in data stream systems"
-- processing "Parallel Database Systems: The Future of High Performance Database Processing1"
-- processing "Towards Sensor Database Systems"
-- processing "Principles of distributed database systems"
-- processing "Parallel database systems: the future of high performance database systems"
-- processing "Mariposa: A Wide-Area Distributed Database System"
-- processing "Complex Queries in DHT-based Peer-to-Peer Networks"
-- processing "Principles of database and knowledge-base systems"
-- processing "Pmnczples of database and knowledge- base systems"
-- processing "Principles of Distributed Database Systems"
-- processing "Super-peer-based routing and clustering strategies for RDF-based peer-to-peer networks"
-- processing "Bringing Semantics to Web Services: The OWL-S Approach"
-- processing "Dynamic Change within Workflow Systems"
-- processing "A Petri Net-based Model for Web Service Composition"
-- processing "The entity-relationship model: toward a unified view of data"
-- processing "A Graph-Oriented Model for Articulation of Ontology Interdependencies"
-- processing "Distributed Databases: Principles and Systems"
-- processing "The functional data model and the data language DAPLEX"
-- processing "Data Models"
-- processing "Database abstractions: aggregation and generalization"
-- processing "Database Description with SDM: A Semantic Database Model"
-- processing "Ontologies Are Us: A Unified Model of Social Networks and Semantics"
-- processing "Resource Description Framework (RDF) Model and Syntax Specification"
-- processing "An overview of data warehousing and OLAP technology"
-- processing "Ontobroker: Ontology Based Access to Distributed and Semi-Structured Information"
-- processing "The Ubiquitous B-Tree"
-- processing "Accelerating XPath location steps"
-- processing "Storing and querying ordered XML using a relational database system"
-- processing "Extensible Markup Language (XML) 1.0"
-- processing "Development of an object-oriented DBMS"
-- processing "XML Path Language (XPath) Version 1.0"
-- processing "Generalized Search Trees for Database Systems"
-- processing "Human behavior and the principle of least effort"
-- processing "Human Behaviour and the Principle of Least Effort: an Introduction to Human Ecology"
-- processing "Extensible Markup Language (XML)"
-- processing "Continual Queries for Internet Scale Event-Driven Information Delivery"
-- processing "Mining association rules between sets of items in large databases"
-- processing "Generating Finite-State Transducers for Semi-Structured Data Extraction from the Web"
-- processing "The Object Database Standard: ODMG-93"
-- processing "The Postgres Next Generation Database Management System"
-- processing "Linear Hashing: A New Tool for File and Table Addressing"
-- processing "Understanding the New SQL: A Complete Guide"
-- processing "Wrapper Induction for Information Extraction"
-- processing "Crawling the Hidden Web"
-- processing "The Harvest Information Discovery and Access System"
-- processing "XMILL: An Efficient Compressor for XML Data"
-- processing "Query By Example"
-- processing "View Maintenance in a Warehousing Environment"
-- processing "Data on the web: from relations to semistructured data and xml"
-- processing "A Survey of Data Provenance in e-Science"
-- processing "Trio: A System for Integrated Management of Data, Accuracy, and Lineage"
-- processing "Containment and equivalence for an XPath fragment"
-- processing "On closed world databases"
-- processing "Efficient Algorithms for Processing XPath Queries"
-- processing "Filtering algorithms and implementation for very fast publish/subscribe systems"
-- processing "Fjording the Stream: An Architecture for Queries Over Streaming Sensor Data"
-- processing "Efficient Filtering of XML Documents with XPath Expressions"
-- processing "Monitoring Streams - A New Class of Data Management Applications"
-- processing "Aurora: a new model and architecture for data stream management"
-- processing "Continuous queries over data streams"
-- processing "The R*-tree: an efficient and robust access method for points and rectangles"
-- processing "Transaction Processing: Concepts and Techniques"
-- processing "The Quadtree and Related Hierarchical Data Structures"
-- processing "The Skyline Operator"
-- processing "C-Store: A Column-oriented DBMS"
-- processing "On the Computation of Multidimensional Aggregates"
-- processing "On Optimistic Methods for Concurrency Control"
-- processing "The K-D-B-tree: a search structure for large multidimensional dynamic indexes"
-- processing "Organization and Maintenance of Large Ordered Indices"
-- processing "Concurrency Control in Distributed Database Systems"
-- processing "The Grid File: An Adaptable, Symmetric Multikey File Structure"
-- processing "Quad Trees: A Data Structure for Retrieval on Composite Keys"
-- processing "Principles of transaction-oriented database recovery"
-- processing "The Gamma Database Machine Project"
-- processing "The Grid File: An Adaptable, Symmetric Multi-Key File Structure"
-- processing "System R: A Relational Approach to Data Base Management"
-- processing "Organization and Maintenance of Large Ordered Indexes"
-- processing "Security-Control Methods for Statistical Databases: A Comparative Study"
-- processing "Consistency in Partitioned Networks"
-- processing "The Implementation of Postgres"
-- processing "Access methods for text"
-- processing "Join processing in database systems with large main memories"
-- processing "A Performance Evaluation of Four Parallel Join Algorithms in a Shared-Nothing Multiprocessor Environment"
-- processing "Disk Striping"
-- processing "Data Placement In Bubba"
-- processing "The Case for Shared Nothing"
-- processing "Concurrency control in advanced database applications"
-- processing "The Recovery Manager of the System R Database Manager"
-- processing "An Evaluation of Buffer Management Strategies for Relational Database Systems"
-- processing "Principles of database buffer management"
-- processing "Extended algebra and calculus for nested relational databases"
-- processing "Research problems in data warehousing"
-- processing "Knowledge Engineering: Principles and Methods"
-- processing "Toward principles for the design of ontologies used for knowledge sharing?"
-- processing "Online Aggregation"
-- processing "Continuously adaptive continuous queries over streams"
-- processing "The Volcano Optimizer Generator: Extensibility and Efficient Search"
-- processing "GAMMA - A High Performance Dataflow Database Machine"
-- processing "Selectivity Estimation Without the Attribute Value Independence Assumption"
-- processing "Improved Histograms for Selectivity Estimation of Range Predicates"
-- processing "Wavelet-Based Histograms for Selectivity Estimation"
-- processing "Approximate Computation of Multidimensional Aggregates of Sparse Data Using Wavelets"
-- processing "Distance browsing in spatial databases"
-- processing "The EXODUS Optimizer Generator"
-- processing "Accurate Estimation of the Number of Tuples Satisfying a Condition"
-- processing "Randomized Algorithms for Optimizing Large Join Queries"
-- processing "Join processing in relational databases"
-- processing "Probabilistic Counting Algorithms for Data Base Applications"
-- processing "On optimizing an SQL-like nested query"
-- processing "An introduction to data base systems"
-- processing "Notes on Data Base Operating Systems"
-- processing "Impossibility of Distributed Consensus with One Faulty Process"
-- processing "An adaptive data replication algorithm"
-- processing "Real-Time Databases"
-- processing "A Critique of ANSI SQL Isolation Levels"
-- processing "The Dangers of Replication and a Solution"
-- processing "Middleware: a model for distributed system services"
-- processing "ARIES: a transaction recovery method supporting fine-granularity locking and partial rollbacks using write-ahead logging"
-- processing "The notions of consistency and predicate locks in a database system"
-- processing "A Majority consensus approach to concurrency control for multiple copy databases"
-- processing "The serializability of concurrent database updates"
-- processing "Using Semantic Knowledge for Transaction Processing in Distributed Database"
-- processing "A principle for resilient sharing of distributed resources"
-- processing "Nonblocking commit protocols"
-- processing "Efficient locking for concurrent operations on B-trees"
-- processing "A New SQL-like Operator for Mining Association Rules"
-- processing "Knowledge Discovery in Databases: An Attribute-Oriented Approach"
-- processing "Hippocratic Databases"
-- processing "Incremental Maintenance of Views with Duplicates"
-- processing "What Makes Patterns Interesting in Knowledge Discovery Systems"
-- processing "Maintenance of Materialized Views: Problems, Techniques, and Applications"
-- processing "Computing Iceberg Queries Efficiently"
-- processing "Database Mining: A Performance Perspective"
-- processing "Answering Queries Using Templates with Binding Patterns"
-- processing "A Quantitative Analysis and Performance Study for Similarity-Search Methods in High-Dimensional Spaces"
-- processing "Active Database Systems: Triggers and Rules For Advanced Database Processing"
-- processing "The Management of Probabilistic Data"
-- processing "Data-Driven Discovery of Quantitative Rules in Relational Databases"
-- processing "A homogeneous relational model and query languages for temporal databases"
-- processing "Extending the database relational model to capture more meaning"
-- processing "A Data Model and Query Language for EXODUS"
-- processing "Extending and Formalizing the Framework for Information Systems Architecture"
-- processing "Design and natural science research on information technology"
-- processing "Implementation of integrity constraints and views by query modification"
-- processing "Pnnc:ples of database systems"
-- processing "Efficient Query Evaluation on Probabilistic Databases"
-- processing "Keyword Searching and Browsing in Databases using BANKS"
-- processing "DBXplorer: A System for Keyword-Based Search over Relational Databases"
-- processing "Evaluating probabilistic queries over imprecise data"
-- processing "Query Answering for OWL-DL with Rules"
-- processing "On the Declarative Semantics of Deductive Databases and Logic Programs"
-- processing "Extracting Patterns and Relations from the World Wide Web"
-- processing "A hierarchical approach to wrapper induction"
-- processing "A probabilistic relational algebra for the integration of information retrieval and database systems"
-- processing "Incomplete Information in Relational Databases"
-- processing "Flexible support for multiple access control policies"
-- processing "F-Logic: A Higher-Order language for Reasoning about Objects, Inheritance, and Scheme"
-- processing "Starburst Mid-Flight: As the Dust Clears"
-- processing "Concurrency control performance modeling: alternatives and implications"
-- processing "The HiPAC project: combining active databases and timing constraints"
-- processing "An Introduction to Spatial Database Systems"
-- processing "Object and File Management in the EXODUS Extensible Database System"
-- processing "The design and implementation of INGRES"
-- processing "Making Smalltalk a Database System"
-- processing "A Relational Model for Large Shared Data Banks"
-- processing "An Approach to Persistent Programming"
-- processing "A Taxonomy of Time in Databases"
-- processing "SEQUEL: A structured English query language"
-- processing "The theory of joins in relational databases"
-- processing "Protecting Respondents' Identities in Microdata Release"
-- processing "A Logical Language for Data and Knowledge Bases"
-- processing "Data Structures for Range Searching"
-- processing "A class of data structures for associative searching"
-- processing "Organization and maintenance of large ordered indexes"
-- processing "The CQL continuous query language: semantic foundations and query execution"
-- processing "Active database systems"
-- processing "On the ontological expressiveness of information systems analysis and design grammars"
-- processing "Logic-based approach to semantic query optimization"
-- processing "Principles of database systems"
-- processing "Approximating block accesses in database organizations"
-- processing "Spatial SQL: A Query and Presentation Language"
-- processing "Data model issues for object-oriented applications"
-- processing "A model of authorization for next-generation database systems"
-- processing "Testing implications of data dependencies"
-- processing "Algorithms for Acyclic Database Schemes"
-- processing "Set-Oriented Production Rules in Relational Database Systems"
-- processing "Deriving Production Rules for Incremental View Maintenance"
-- processing "Nested Transactions: An Approach to Reliable Distributed Computing"
-- processing "Benchmarking Database Systems A Systematic Approach"
-- processing "2Q: A Low Overhead High Performance Buffer Management Replacement Algorithm"
-- processing "The LRU-K Page Replacement Algorithm For Database Disk Buffering"
-- processing "Scheduling Real-time Transactions: a Performance Evaluation"
-- processing "The Tree-to-Tree Correction Problem"
-- processing "Change Detection in Hierarchically Structured Information"
-- processing "Extensible Markup Language"
-- processing "Workflow Management: Modeling Concepts, Architecture, and Implementation"
-- processing "Business Process Management: A Survey"
-- processing "Workflow Management: Models, Methods, and Systems"
-- processing "Mining Process Models from Workflow Logs"
-- processing "Database Security"
-- processing "The Unified Modeling Language User Guide"
-- processing "Model checking"
-- processing "Fast Subsequence Matching in Time-Series Databases"
-- processing "Introduction to Object-Oriented Databases"
-- processing "A foundation for representing and querying moving objects"
-- processing "Scheduling real-time transactions: a performance evaluation"
-- processing "Shoring Up Persistent Applications"
-- processing "Scalable Distributed Stream Processing"
-- processing "Query Processing, Approximation, and Resource Management in a Data Stream Management System"
-- processing "Distributed top-k monitoring"
-- processing "Adaptive filters for continuous queries over distributed data streams"
-- processing "The design of an acquisitional query processor for sensor networks"
-- processing "Issues in data stream management"
-- processing "TinyDB: an acquisitional query processing system for sensor networks"
-- processing "Query Processing, Resource Management, and Approximation in a Data Stream Management System"
-- processing "Partition Based Spatial-Merge Join"
-- processing "Optimal Aggregation Algorithms for Middleware"
-- processing "XSEarch: A Semantic Search Engine for XML"
-- processing "Information sharing across private databases"
-- processing "The ObjectStore database system"
-- processing "Optimal aggregation algorithms for middleware"
-- processing "Collaborative Reputation Mechanisms in Electronic Marketplaces"
-- processing "An Ontological Model of an Information System"
-- processing "A Framework for Understanding and Classifying Ontology Applications"
-- processing "OIL in a Nutshell"
-- processing "Ontology development 101: A guide to creating your first ontology"
-- processing "Methodology for the Design and Evaluation of Ontologies"
-- processing "Towards a Methodology for Building Ontologies"
-- processing "Web services and business process management"
-- processing "Evaluating ontological decisions with OntoClean"
-- processing "The Evolution of the Web and Implications for an Incremental Crawler"
-- processing "Focused Crawling Using Context Graphs"
-- processing "Data Mining: An Overview from a Database Perspective"
-- processing "Constraint-Based Rule Mining in Large, Dense Databases"
-- processing "Reducing OWL Entailment to Description Logic Satisfability"
-- processing "An Efficient Algorithm for Mining Association Rules in Large Databases"
-- processing "Mining Generalized Association Rules"
-- processing "Semantics and Implementation of Schema Evolution in Object-Oriented Databases"
-- processing "The Merge/Purge Problem for Large Databases"
-- processing "Approximate String Joins in a Database (Almost) for Free"
-- processing "Snowball: extracting relations from large plain-text collections"
-- processing "Duplicate Record Detection: A Survey"
-- processing "Bottom-Up Computation of Sparse and Iceberg CUBEs"
-- processing "An Array-Based Algorithm for Simultaneous Multidimensional Aggregates"
-- processing "Data Preparation for Mining World Wide Web Browsing Patterns"
-- processing "Approximate Aggregation Techniques for Sensor Databases"
-- processing "Incognito: efficient full-domain K-anonymity"
-- processing "Pig latin: a not-so-foreign language for data processing"
-- processing "Data Cube: A Relational Aggregation Operator Generalizing Group-By, Cross-Tab, and Sub-Total"
-- processing "Modeling Multidimensional Databases"
-- processing "Automated Selection of Materialized Views and Indexes in SQL Databases"
-- processing "Selection of Views to Materialize in a Data Warehouse"
-- processing "Beyond Market Baskets: Generalizing Association Rules to Correlations"
-- processing "The cougar approach to in-network query processing in sensor networks"
-- processing "The Design of the Borealis Stream Processing Engine"
-- processing "Data caching issues in an information retrieval system"
-- processing "Extending object-oriented systems with roles"
-- processing "A framework for clustering evolving data streams"
-- processing "An Improved Data Stream Summary: The Count-Min Sketch and Its Applications"
-- processing "Gigascope: a stream database for network applications"
-- processing "TelegraphCQ: Continuous Dataflow Processing for an Uncertain World"
-- processing "Random sampling with a reservoir"
-- processing "Maintaining Stream Statistics over Sliding Windows"
-- processing "Surfing Wavelets on Streams: One-Pass Summaries for Approximate Aggregate Queries"
-- processing "Approximate Query Processing Using Wavelets"
-- processing "Optimal Histograms with Quality Guarantees"
-- processing "Bigtable: A Distributed Storage System for Structured Data"
-- processing "Routing Indices For Peer-to-Peer Systems"
-- processing "Designing a Super-Peer Network"
-- processing "Approximate Frequency Counts over Data Streams"
-- processing "Automating DAML-S Web Services Composition Using SHOP2"
-- processing "Inheritance of Workflows: An Approach to Tackling Problems Related to Change"
-- processing "OVID: Design and Implementation of a Video-Object Database System"
-- processing "Information Retrieval in Folksonomies: Search and Ranking"
-- processing "Toward the Next Generation of Recommender Systems: A Survey of the State-of-the-Art and Possible Extensions"
-- processing "Building the Data Warehouse"
-- processing "The data warehousing toolkit"
-- processing "Building the data warehouse"
-- processing "Swoogle: a search and metadata engine for the semantic web"
-- processing "Ranking in Spatial Databases"
-- processing "On indexing mobile objects"
-- processing "The Pyramid-Technique: Towards Breaking the Curse of Dimensionality"
-- processing "Multidimensional access methods"
-- processing "Searching in high-dimensional spaces: Index structures for improving the performance of multimedia databases"
-- processing "The hB-tree: a multiattribute indexing method with good guaranteed performance"
-- processing "On packing R-trees"
-- processing "Direct Spatial Search on Pictorial Databases Using Packed R-Trees"
-- processing "The TV-Tree: An Index Structure for High-Dimensional Data"
-- processing "M-tree: An Efficient Access Method for Similarity Search in Metric Spaces"
-- processing "Composite Events for Active Databases: Semantics, Contexts and Detection"
-- processing "Mining Sequential Patterns"
-- processing "Scalable Parallel Data Mining for Association Rules"
-- processing "Fast Algorithms for Mining Association Rules"
-- processing "Fast Time Sequence Indexing for Arbitrary Lp Norms"
-- processing "Discovering Frequent Closed Itemsets for Association Rules"
-- processing "Distance-Based Outliers: Algorithms and Applications"
-- processing "FastMap: A Fast Algorithm for Indexing, Data-Mining and Visualization of Traditional and Multimedia Datasets"
-- processing "Parallel Mining of Association Rules"
-- processing "Scalable Algorithms for Association Mining"
-- processing "Efficient Similarity Search In Sequence Databases"
-- processing "Exploratory Mining and Pruning Optimizations of Constrained Association Rules"
-- processing "An Effective Hash Based Algorithm for Mining Association Rules"
-- processing "Efficient and Effective Clustering Methods for Spatial Data Mining"
-- processing "Maintenance of Discovered Association Rules in Large Databases: An Incremental Updating Technique"
-- processing "Efficient Data Mining for Path Traversal Patterns"
-- processing "Discovery of Multiple-Level Association Rules from Large Databases"
-- processing "Algorithms for Mining Distance-Based Outliers in Large Datasets"
-- processing "Sampling Large Databases for Association Rules"
-- processing "Discovery of Spatial Association Rules in Geographic Information Databases"
-- processing "Finding interesting rules from large sets of discovered association rules"
-- processing "Maintaining Data Privacy in Association Rule Mining"
-- processing "MAFIA: A Maximal Frequent Itemset Algorithm for Transactional Databases"
-- processing "Efficiently Mining Long Patterns from Databases"
-- processing "Efficient Mining of Association Rules Using Closed Itemset Lattices"
-- processing "Fast Algorithms for Mining Association Rules in Large Databases"
-- processing "Temporal Databases"
-- processing "Linear Clustering of Objects with Multiple Atributes"
-- processing "SEQUEL 2: A Unified Approach to Data Definition, Manipulation, and Control"
-- processing "Load Shedding in a Data Stream Manager"
-- processing "StatStream: Statistical Monitoring of Thousands of Data Streams in Real Time"
-- processing "Fast Similarity Search in the Presence of Noise, Scaling, and Translation in Time-Series Databases"
-- processing "Fast Nearest Neighbor Search in Medical Image Databases"
-- processing "Query Processing in Spatial Network Databases"
-- processing "3D Shape Histograms for Similarity Search and Classification in Spatial Databases"
-- processing "MindReader: Querying Databases Through Multiple Examples"
-- processing "Efficient Algorithms for Mining Outliers from Large Data Sets"
-- processing "Efficient Time Series Matching by Wavelets"
-- processing "CURE: An Efficient Clustering Algorithm for Large Databases"
-- processing "Similarity-Based Queries for Time Series Data"
-- processing "Hilbert R-tree: An Improved R-tree using Fractals"
-- processing "The X-tree : An Index Structure for High-Dimensional Data"
-- processing "Efficient and Effective Querying by Image Content"
-- processing "Similarity Indexing with the SS-tree"
-- processing "A cost model for nearest neighbor search in high-dimensional data space"
-- processing "Efficient Processing of Spatial Joins Using R-Trees"
-- processing "The SR-tree: An Index Structure for High-Dimensional Nearest Neighbor Queries"
-- processing "OPTICS: Ordering Points To Identify the Clustering Structure"
-- processing "An optimal and progressive algorithm for skyline queries"
-- processing "Main Memory Database Systems: An Overview"
-- processing "Spatial Query Processing in an Object-Oriented Database System"
-- processing "Searching in metric spaces"
-- processing "Trie memory"
-- processing "An effective way to represent quadtrees"
-- processing "Shooting Stars in the Sky: An Online Algorithm for Skyline Queries"
-- processing "On Finding the Maxima of a Set of Vectors"
-- processing "Notes on database operating systems"
-- processing "The Interdisciplinary Study of Coordination"
-- processing "Staggered Striping in Multimedia Information Systems"
-- processing "Equivalence of Relational Algebra and Relational Calculus Query Languages Having Aggregate Functions"
-- processing "State-of-the-art in privacy preserving data mining"
-- processing "l-Diversity: Privacy Beyond k-Anonymity"
-- processing "Privacy-Preserving Data Mining"
-- processing "Sorting Networks and Their Applications"
-- processing "Disk Shadowing"
-- processing "The oo7 Benchmark"
-- processing "The LRU-K page replacement algorithm for database disk buffering"
-- processing "The Essential Distributed Objects Survival Guide"
-- processing "New Sampling-Based Summary Statistics for Improving Approximate Query Answers"
-- processing "Model-Driven Data Acquisition in Sensor Networks"
-- processing "Providing olap (on-line analytical processing) to user-analysts: an it mandate"
-- processing "Similarity Search in High Dimensions via Hashing"
-- processing "The Design and Analysis of Spatial Data Structures"
-- processing "Near Neighbor Search in Large Metric Spaces"
-- processing "Optimal Multi-Step k-Nearest Neighbor Search"
-- processing "Satisfying General Proximity/Similarity Queries with Metric Trees"
-- processing "The Object-Oriented Database System Manifesto"
-- processing "Comparative Models of the File Assignment Problem"
-- processing "Mobile Computing and Databases - A Survey"
-- processing "Data quality in context"
-- processing "Database Management Systems"
-- processing "On the complexity of optimal K-anonymity"
-- processing "Executing SQL over encrypted data in the database-service-provider model"
-- processing "Formal Models for Computer Security"
-- processing "The design & analysis of spatial data structures"
-- processing "Discovering Similar Multidimensional Trajectories"
-- processing "What Is the Nearest Neighbor in High Dimensional Spaces?"
-- processing "LOF: Identifying Density-Based Local Outliers"
-- processing "Conceptual Database Design: An Entity-Relationship Approach"
-- processing "Database Transaction Models For Advanced Applications"
-- processing "Electronic markets and electronic hierarchies"
-- processing "A Framework for Information Systems Architecture"
-- processing "Computer-based systems for cooperative work and group decision making"
-- processing "A framework for management information systems"
-- processing "A Program for Research on Management Information Systems"
-- processing "The alternating fixpoint of logic programs with negation"
-- processing "Object-Oriented Programming: Themes and Variations"
-- processing "Reasoning about Binary Topological Relations"
-- processing "Data Privacy through Optimal k-Anonymization"
-- processing "Mondrian Multidimensional K-Anonymity"
-- processing "Data structures and algorithms for nearest neighbor search in general metric spaces"
-- processing "Point-set topological spatial relations"
-- processing "Moving Objects Databases: Issues and Solutions"
-- processing "Intelligent information-sharing systems"
-- processing "Broadcast Disks: Data Management for Asymmetric Communications Environments"
-- processing "Broadcast disks: data management for asymmetric communication environments"
-- processing "Workflow Patterns"
-- processing "Workflow Mining: Discovering Process Models from Event Logs"
-- processing "YAWL: Yet Another Workflow Language"
-- processing "Locally Adaptive Dimensionality Reduction for Indexing Large Time Series Databases"
-- processing "Exact Indexing of Dynamic Time Warping"
-- processing "Efficient Retrieval of Similar Time Sequences Under Time Warping"
-- processing "Dimensionality Reduction for Fast Similarity Search in Large Time Series Databases"
-- processing "Capturing the Uncertainty of Moving-Object Representations"
-- processing "The TSQL2 Temporal Query Language"
-- processing "Finding Frequent Items in Data Streams"
-- processing "What's hot and what's not: tracking most frequent items dynamically"
-- processing "The state of the art in distributed query processing"
-- processing "Query Processing in Sensor Networks"
-- processing "Combining Fuzzy Information from Multiple Systems"
-- processing "The New Casper: Query Processing for Location Services without Compromising Privacy"
-- processing "Anchoring data quality dimensions in ontological foundations"
-- processing "The Enterprise Ontology"
-- processing "Service oriented architectures: approaches, technologies and research issues"
-- processing "Sweetening Ontologies with DOLCE"
-- processing "Discovering Web Access Patterns and Trends by Applying OLAP and Data Mining Technology on Web Logs"
-- processing "STING: A Statistical Information Grid Approach to Spatial Data Mining"
-- processing "Mining Sequential Patterns by Pattern-Growth: The PrefixSpan Approach"
-- processing "Resource Description Framework (RDF)"
-- processing "Discovering Conceptual Relations from Text"
-- processing "Srikant: "fast algorithms for mining association rules"
-- processing "A Comparison of String Distance Metrics for Name-Matching Tasks"
-- processing "The data webhouse toolkit"
-- processing "The Bayou Architecture: support for data sharing among mobile users"
-- processing "ROCK: A Robust Clustering Algorithm for Categorical Attributes"
-- processing "Semantic Overlay Networks for P2P Systems"
-- processing "Generalizing GlOSS to Vector-Space Databases and Broker Hierarchies"
-- processing "Workflow Evolution"
-- processing "Automatic Video Indexing and Full-Video Search for Object Appearances"
-- processing "The data warehouse lifecycle toolkit"
-- processing "Applications of spatial data structures: computer graphics"
-- processing "When Is ''Nearest Neighbor'' Meaningful?"
-- processing "Applications of spatial data structures"
-- processing "SPIRIT: Sequential Pattern Mining with Regular Expression Constraints"
-- processing "Efficient Mining of Partial Periodic Patterns in Time Series Database"
-- processing "Limiting privacy breaches in privacy preserving data mining"
-- processing "Introduction to lattices and order"
-- processing "Finding Generalized Projected Clusters In High Dimensional Spaces"
-- processing "WaveCluster: A Multi-Resolution Clustering Approach for Very Large Spatial Databases"
-- processing "Fast Algorithms for Projected Clustering"
-- processing "Fundamentals of spatial information systems"
-- processing "On the design and quantification of privacy preserving data mining algorithms"
-- processing "Cluster Analysis for Gene Expression Data: A Survey"
-- processing "Efficient Progressive Skyline Computation"
-- processing "Analysis of the Clustering Properties of the Hilbert Space-Filling Curve"
-- processing "Groups: interaction and performance"
-- processing "The impact of information systems on organizations and markets"
-- processing "What is coordination theory and how can it help design cooperative work systems?"
-- processing "Social Analyses of Computing: Theoretical Perspectives in Recent Empirical Research"
-- processing "Modeling and Querying Moving Objects"
-- processing "Data on Air: Organization and Access"
-- processing "Balancing Push and Pull for Data Broadcast"
-- processing "Sleepers and Workaholics: Caching Strategies in Mobile Environments"
-- processing "Energy Efficient Indexing on Air"
-- processing "Beyond Accuracy: What Data Quality Means to Data Consumers"
-- processing "Database systems: the complete book"
-- processing "Studying Information Technology in Organizations: Research Approaches and Assumptions"
-- processing "Applying the Technology Acceptance Model and Flow Theory to Online Consumer Behavior"
-- processing "Exploring the factors associated with Web site success in the context of electronic commerce"
-- processing "How Information Gives You Competitive Advantage"
-- processing "The information system as a competitive weapon"
-- processing "Is redraws competitive boundaries"
-- processing "The Web of Computing: Computer Technology as Social Organization"
-- processing "Using Orientation Information for Qualitative Spatial Reasoning"
-- processing "Structuring computer-mediated communication systems to avoid information overload"
-- processing "Mobile wireless computing: challenges in data management"
-- processing "Production workflow - concepts and techniques"
-- processing "Data quality assessment"
-- processing "Value-based requirements engineering: exploring innovative e-commerce ideas"
-- processing "Web Services. Concepts, Architectures and Applications"
-- processing "Web Services Concepts, Architectures and Applications"
-- processing "World-Wide Web: The Information Universe"
-- processing "GlOSS: Text-Source Discovery over the Internet"
-- processing "Virtual teams: a review of current literature and directions for future research"
-- processing "Information Technology and Organizational Change: Causal Structure in Theory and Research"
-- processing "A theory of the effects of advanced information technologies on organizational design, intelligence, and decision making"
-- processing "Decision support systems: an organizational perspective"
-- processing "Information systems and organizational change"
-- processing "Power, politics, and MIS implementation"
-- processing "Four paradigms of information systems development"
-- processing "Information Technology and the Structuring of Organizations"
-- processing "Information systems outsourcing: a survey and analysis of the literature"
-- processing "Research Commentary: Desperately Seeking the "IT" in IT Research - A Call to Theorizing the IT Artifact"
-- processing "Combining IS Research Methods: Towards a Pluralist Methodology"
-- processing "An empirical study of the impact of user involvement on system usage and information satisfaction"
-- processing "User Acceptance of Computer Technology: A Comparison of Two Theoretical Models"
-- processing "Predicting User Intentions: Comparing the Technology Acceptance Model with the Theory of Planned Behavior"
-- processing "Why do people play on-line games? An extended TAM with social influences and flow experience"
-- processing "Empirical Evaluation of the Revised Technology Acceptance Model"
-- processing "Examining the Technology Acceptance Model Using Physician Acceptance of Telemedicine Technology"
-- processing "The Relative Importance of Perceived Ease of Use in IS Adoption: A Study of E-Commerce Adoption"
-- processing "Information Systems Success: The Quest for the Dependent Variable"
-- processing "The measurement of user information satisfaction"
-- processing "Development of a Tool for Measuring and Analyzing Computer User Satisfaction"
-- processing "Business Models for Electronic Markets"
-- processing "Strategic Alignment: Leveraging Information Technology for Transforming Organizations"
-- processing "Steps Toward an Ecology of Infrastructure: Design and Access for Large Information Spaces"
-- processing "Electronic Meeting Systems To Support Group Work"
-- processing "Data quality for the information age"
-- processing "Process Innovation: Reengineering Work Through Information Technology"
-- processing "Digital capital: harnessing the power of business Webs"
-- processing "Electronic Commerce: Strategies and Models for Business-to-Business Trading"
-- processing "Investigating information systems with action research"
-- processing "The World-Wide Web"
-- processing "An Assessment of Group Support Systems Experimental Research: Methodology and Results"
-- processing "Technological frames: making sense of information technology in organizations"
-- processing "The critical success factors for ERP implementation: an organizational fit perspective"
-- processing "The new science of management decisions"
-- processing "The new science of management decision"
-- processing "The Emergence of Interpretivism in IS Research"
-- processing "The value of selective it sourcing"
-- processing "The risks of outsourcing it"
-- processing "How to manage an it outsourcing alliance"
-- processing "Development of an Instrument to Measure the Perceptions of Adopting an Information Technology Innovation"
-- processing "Accounting for the Contradictory Organizational Consequences of Information Technology: Theoretical Directions and Methodological Implications"
-- processing "The constitution of society"
-- processing "Effects of Anonymity and Evaluative Tone on Idea Generation in Computer-Mediated Groups"
-- processing "User Involvement and MIS Success: A Review of Research"
-- processing "Developing and Validating Trust Measures for e-Commerce: An Integrative Typology"
-- processing "Antecedents of B2C Channel Satisfaction and Preference: Validating e-Commerce Metrics"
-- processing "The technology acceptance model and the World Wide Web"
-- processing "Intrinsic and extrinsic motivation in Internet usage"
-- processing "Assessing the Validity of IS Success Models: An Empirical Test and Theoretical Analysis"
-- processing "Determinants of Perceived Ease of Use: Integrating Control, Intrinsic Motivation, and Emotion into the Technology Acceptance Model"
-- processing "Consumer Acceptance of Electronic Commerce: Integrating Trust and Risk with the Technology Acceptance Model"
-- processing "A Theoretical Integration of User Satisfaction and Technology Acceptance"
-- processing "The Measurement of Web-Customer Satisfaction: An Expectation and Disconfirmation Approach"
-- processing "Understanding Information Technology Usage: A Test of Competing Models"
-- processing "Net gain: expanding markets through virtual communities"
-- processing "Extending the technology acceptance model with task-technology fit constructs"
-- processing "Web Site Usability, Design, and Performance Metrics"
-- processing "The DeLone and McLean Model of Information Systems Success: A Ten-Year Update"
-- processing "Cultural Fits and Misfits: Is ERP a Universal Solution?"
-- processing "A Theoretical Extension of the Technology Acceptance Model: Four Longitudinal Field Studies"
-- processing "Building consumer trust online"
-- processing "Initial trust formation in new organizational relationships"
-- processing "Consumer Trust in an Internet Store: A Cross-Cultural Validation"
-- processing "A Conceptual and Operational Definition of Personal Innovativeness in the Domain of Information Technology"
-- processing "Individual Trust in Online Firms: Scale Development and Initial Test"
-- processing "Testing the Determinants of Microcomputer Usage via a Structural Equation Model"
-- processing "An Empirical Assessment of a Modified Technology Acceptance Model"
-- processing "Explaining the Role of User Participation in Information System Use"
-- processing "A Respecification and Extension of the DeLone and McLean Model of IS Success"
-- processing "User Acceptance of Information Technology: System Characteristics, User Perceptions and Behavioral Impacts"
-- processing "Application of Social Cognitive Theory to Training for Computer Skills"
-- processing "Structural Equation Modeling And Regression: Guidelines For Research Practice"
-- processing "Consumer trust in an Internet store"
-- processing "Building Effective Online Marketplaces with Institution-Based Trust"
-- processing "What Trust Means in E-Commerce Customer Relationships: An Interdisciplinary Conceptual Typology"
-- processing "The emerging role of electronic marketplaces on the Internet"
-- processing "A Partial Least Squares Latent Variable Modeling Approach for Measuring Interaction Effects: Results from a Monte Carlo Simulation Study and an Electronic - Mail Emotion/Adoption Study"
-- processing "Channel expansion theory and the experiential nature of media richness perceptions"
-- processing "Testing Media Richness Theory in the New Media: The Effects of Cues, Feedback, and Task Equivocality"
-- processing "The Impact of Information Technology on the Organization of Economic Activity: The "Move to the Middle" Hypothesis"
-- processing "Frontiers of Electronic Commerce"
-- processing "Communication and Trust in Global Virtual Teams"
-- processing "An Exploratory Study of the Emerging Role of Electronic Intermediaries"
simrank: elapsed time = 164.0234
---------------------------------------------------------------
