
                            < M A T L A B (R) >
                  Copyright 1984-2014 The MathWorks, Inc.
                    R2014a (8.3.0.532) 64-bit (glnxa64)
                             February 11, 2014


	This is a Classroom License for instructional use only.
	Research and commercial use is prohibited.
 
To get started, type one of these: helpwin, helpdesk, or demo.
For product information, visit www.mathworks.com.
 
nodesReader : read /srv/data/projects/apps/RepIndep_CIDR/fullgraph/top2000/movie.txt
nodesReader : read /srv/data/projects/apps/RepIndep_CIDR/fullgraph/top2000/actor.txt
nodesReader : read /srv/data/projects/apps/RepIndep_CIDR/fullgraph/top2000/director.txt
nodesReader : read /srv/data/projects/apps/RepIndep_CIDR/fullgraph/top2000/starring.txt
nodesReader : read /srv/data/projects/apps/RepIndep_CIDR/fullgraph/top2000/character.txt
nodesReader : read /srv/data/projects/apps/RepIndep_CIDR/fullgraph/top2000/directedby.txt
edgesReader : read /srv/data/projects/apps/RepIndep_CIDR/fullgraph/top2000/starring_actor.txt
edgesReader : read /srv/data/projects/apps/RepIndep_CIDR/fullgraph/top2000/starring_movie.txt
edgesReader : read /srv/data/projects/apps/RepIndep_CIDR/fullgraph/top2000/starring_character.txt
edgesReader : read /srv/data/projects/apps/RepIndep_CIDR/fullgraph/top2000/directedby_director.txt
edgesReader : read /srv/data/projects/apps/RepIndep_CIDR/fullgraph/top2000/directedby_movie.txt
There are 0 isolated nodes in G.
Data size is |V|=41385 |E|=116444
data_mp length = 20
mp = starring movie starring
mp = starring movie directedby
mp = starring character starring
mp = starring actor starring
mp = movie starring movie
mp = movie starring character
mp = movie starring actor
mp = movie directedby movie
mp = movie directedby director
mp = actor starring movie
mp = actor starring character
mp = actor starring actor
mp = director directedby movie
mp = director directedby director
mp = directedby movie starring
mp = directedby movie directedby
mp = directedby director directedby
mp = character starring movie
mp = character starring character
mp = character starring actor
starring movie starring
    '>> running PathS...'    'starring'    'movie'    'starring'

start matrix construction...
starring movie directedby
    '>> running PathS...'    'starring'    'movie'    'directedby'

start matrix construction...
starring character starring
    '>> running PathS...'    'starring'    'character'    'starring'

start matrix construction...
starring actor starring
    '>> running PathS...'    'starring'    'actor'    'starring'

start matrix construction...
movie starring movie
    '>> running PathS...'    'movie'    'starring'    'movie'

start matrix construction...
movie starring character
    '>> running PathS...'    'movie'    'starring'    'character'

start matrix construction...
movie starring actor
    '>> running PathS...'    'movie'    'starring'    'actor'

start matrix construction...
movie directedby movie
    '>> running PathS...'    'movie'    'directedby'    'movie'

start matrix construction...
movie directedby director
    '>> running PathS...'    'movie'    'directedby'    'director'

start matrix construction...
actor starring movie
    '>> running PathS...'    'actor'    'starring'    'movie'

start matrix construction...
actor starring character
    '>> running PathS...'    'actor'    'starring'    'character'

start matrix construction...
actor starring actor
    '>> running PathS...'    'actor'    'starring'    'actor'

start matrix construction...
director directedby movie
    '>> running PathS...'    'director'    'directedby'    'movie'

start matrix construction...
director directedby director
    '>> running PathS...'    'director'    'directedby'    'director'

start matrix construction...
directedby movie starring
    '>> running PathS...'    'directedby'    'movie'    'starring'

start matrix construction...
directedby movie directedby
    '>> running PathS...'    'directedby'    'movie'    'directedby'

start matrix construction...
directedby director directedby
    '>> running PathS...'    'directedby'    'director'    'directedby'

start matrix construction...
character starring movie
    '>> running PathS...'    'character'    'starring'    'movie'

start matrix construction...
character starring character
    '>> running PathS...'    'character'    'starring'    'character'

start matrix construction...
character starring actor
    '>> running PathS...'    'character'    'starring'    'actor'

start matrix construction...
pathsim: elapsed time = 0.040725
---------------------------------------------------------------
