
                            < M A T L A B (R) >
                  Copyright 1984-2014 The MathWorks, Inc.
                    R2014a (8.3.0.532) 64-bit (glnxa64)
                             February 11, 2014


	This is a Classroom License for instructional use only.
	Research and commercial use is prohibited.
 
To get started, type one of these: helpwin, helpdesk, or demo.
For product information, visit www.mathworks.com.
 
nodesReader : read /srv/data/projects/apps/RepIndep_CIDR/fullgraph/top2000/movie.txt
nodesReader : read /srv/data/projects/apps/RepIndep_CIDR/fullgraph/top2000/actor.txt
nodesReader : read /srv/data/projects/apps/RepIndep_CIDR/fullgraph/top2000/director.txt
nodesReader : read /srv/data/projects/apps/RepIndep_CIDR/fullgraph/top2000/starring.txt
nodesReader : read /srv/data/projects/apps/RepIndep_CIDR/fullgraph/top2000/character.txt
nodesReader : read /srv/data/projects/apps/RepIndep_CIDR/fullgraph/top2000/directedby.txt
edgesReader : read /srv/data/projects/apps/RepIndep_CIDR/fullgraph/top2000/starring_actor.txt
edgesReader : read /srv/data/projects/apps/RepIndep_CIDR/fullgraph/top2000/starring_movie.txt
edgesReader : read /srv/data/projects/apps/RepIndep_CIDR/fullgraph/top2000/starring_character.txt
edgesReader : read /srv/data/projects/apps/RepIndep_CIDR/fullgraph/top2000/directedby_director.txt
edgesReader : read /srv/data/projects/apps/RepIndep_CIDR/fullgraph/top2000/directedby_movie.txt
There are 0 isolated nodes in G.
Data size is |V|=41385 |E|=116444
data_mp length = 10
mp = movie starring
mp = movie directedby
mp = actor starring
mp = director directedby
mp = directedby movie
mp = directedby director
mp = starring movie
mp = starring character
mp = starring actor
mp = character starring
movie starring
    '>> running PathSi...'    'movie'    'starring'

start matrix construction...
N=ꆩ
allocate memory DONE
cacluate commute matrix DONE CM_half size:

ans =

       41385       41385

multiple half matrix DONE
get index by type DONE Qs Length= 2850
quick code DONE
pathsim: elapsed time (so far) = 9.7977
movie directedby
    '>> running PathSi...'    'movie'    'directedby'

start matrix construction...
N=ꆩ
allocate memory DONE
cacluate commute matrix DONE CM_half size:

ans =

       41385       41385

multiple half matrix DONE
get index by type DONE Qs Length= 2850
quick code DONE
pathsim: elapsed time (so far) = 16.8185
actor starring
    '>> running PathSi...'    'actor'    'starring'

start matrix construction...
N=ꆩ
allocate memory DONE
cacluate commute matrix DONE CM_half size:

ans =

       41385       41385

multiple half matrix DONE
get index by type DONE Qs Length= 2000
quick code DONE
pathsim: elapsed time (so far) = 25.6919
director directedby
    '>> running PathSi...'    'director'    'directedby'

start matrix construction...
N=ꆩ
allocate memory DONE
cacluate commute matrix DONE CM_half size:

ans =

       41385       41385

multiple half matrix DONE
get index by type DONE Qs Length= 2416
quick code DONE
pathsim: elapsed time (so far) = 32.5634
directedby movie
    '>> running PathSi...'    'directedby'    'movie'

start matrix construction...
N=ꆩ
allocate memory DONE
cacluate commute matrix DONE CM_half size:

ans =

       41385       41385

multiple half matrix DONE
get index by type DONE Qs Length= 3137
quick code DONE
pathsim: elapsed time (so far) = 56.2758
directedby director
    '>> running PathSi...'    'directedby'    'director'

start matrix construction...
N=ꆩ
allocate memory DONE
cacluate commute matrix DONE CM_half size:

ans =

       41385       41385

multiple half matrix DONE
get index by type DONE Qs Length= 3137
quick code DONE
pathsim: elapsed time (so far) = 72.6015
starring movie
    '>> running PathSi...'    'starring'    'movie'

start matrix construction...
N=ꆩ
allocate memory DONE
cacluate commute matrix DONE CM_half size:

ans =

       41385       41385

multiple half matrix DONE
get index by type DONE Qs Length= 17316
quick code DONE
pathsim: elapsed time (so far) = 89.234
starring character
    '>> running PathSi...'    'starring'    'character'

start matrix construction...
N=ꆩ
allocate memory DONE
cacluate commute matrix DONE CM_half size:

ans =

       41385       41385

multiple half matrix DONE
get index by type DONE Qs Length= 17316
quick code DONE
pathsim: elapsed time (so far) = 108.1672
starring actor
    '>> running PathSi...'    'starring'    'actor'

start matrix construction...
N=ꆩ
allocate memory DONE
cacluate commute matrix DONE CM_half size:

ans =

       41385       41385

multiple half matrix DONE
get index by type DONE Qs Length= 17316
quick code DONE
pathsim: elapsed time (so far) = 125.239
character starring
    '>> running PathSi...'    'character'    'starring'

start matrix construction...
N=ꆩ
allocate memory DONE
cacluate commute matrix DONE CM_half size:

ans =

       41385       41385

multiple half matrix DONE
get index by type DONE Qs Length= 13666
quick code DONE
pathsim: elapsed time (so far) = 148.8559
pathsim: elapsed time = 148.8573
---------------------------------------------------------------
