
                            < M A T L A B (R) >
                  Copyright 1984-2014 The MathWorks, Inc.
                    R2014a (8.3.0.532) 64-bit (glnxa64)
                             February 11, 2014


	This is a Classroom License for instructional use only.
	Research and commercial use is prohibited.
 
To get started, type one of these: helpwin, helpdesk, or demo.
For product information, visit www.mathworks.com.
 
nodesReader : read /srv/data/projects/apps/RepIndep_CIDR/fullgraph/top2000/movie.txt
nodesReader : read /srv/data/projects/apps/RepIndep_CIDR/fullgraph/top2000/actor.txt
nodesReader : read /srv/data/projects/apps/RepIndep_CIDR/fullgraph/top2000/director.txt
nodesReader : read /srv/data/projects/apps/RepIndep_CIDR/fullgraph/top2000/starring.txt
nodesReader : read /srv/data/projects/apps/RepIndep_CIDR/fullgraph/top2000/character.txt
nodesReader : read /srv/data/projects/apps/RepIndep_CIDR/fullgraph/top2000/directedby.txt
edgesReader : read /srv/data/projects/apps/RepIndep_CIDR/fullgraph/top2000/starring_actor.txt
edgesReader : read /srv/data/projects/apps/RepIndep_CIDR/fullgraph/top2000/starring_movie.txt
edgesReader : read /srv/data/projects/apps/RepIndep_CIDR/fullgraph/top2000/starring_character.txt
edgesReader : read /srv/data/projects/apps/RepIndep_CIDR/fullgraph/top2000/directedby_director.txt
edgesReader : read /srv/data/projects/apps/RepIndep_CIDR/fullgraph/top2000/directedby_movie.txt
There are 0 isolated nodes in G.
Data size is |V|=41385 |E|=116444
    '>> running PathS...'    'starring'    'movie'    'starring'

